<?xml version="1.0" encoding="UTF-8"?>
<!-- Generated by org.testng.reporters.JUnitReportReporter -->
<testsuite hostname="neonnex" failures="0" tests="5" name="com.elektronicare.tests.WelcomeTest" time="109.778" errors="0" timestamp="2025-06-02T13:17:43 WIB" skipped="0">
  <testcase classname="com.elektronicare.tests.WelcomeTest" name="testWelcomePageDisplay" time="16.589"/>
  <testcase classname="com.elektronicare.tests.WelcomeTest" name="testWelcomePageElements" time="13.437"/>
  <testcase classname="com.elektronicare.tests.WelcomeTest" name="testNavigateToRegister" time="14.509"/>
  <testcase classname="com.elektronicare.tests.WelcomeTest" name="testNavigateToLogin" time="51.907"/>
  <testcase classname="com.elektronicare.tests.WelcomeTest" name="testWelcomePageBranding" time="13.336"/>
</testsuite> <!-- com.elektronicare.tests.WelcomeTest -->
