<?xml version="1.0" encoding="UTF-8"?>
<!-- Generated by org.testng.reporters.JUnitReportReporter -->
<testsuite hostname="neonnex" failures="0" tests="11" name="com.elektronicare.tests.RegisterTest" time="230.060" errors="0" timestamp="2025-05-31T23:06:24 WIB" skipped="0">
  <testcase classname="com.elektronicare.tests.RegisterTest" name="testRegisterPageDisplay" time="22.857"/>
  <testcase classname="com.elektronicare.tests.RegisterTest" name="testRegisterValidation" time="25.144"/>
  <testcase classname="com.elektronicare.tests.RegisterTest" name="testInvalidEmailValidation" time="29.610"/>
  <testcase classname="com.elektronicare.tests.RegisterTest" name="testInvalidPhoneValidation" time="23.127"/>
  <testcase classname="com.elektronicare.tests.RegisterTest" name="testShortPasswordValidation" time="22.920"/>
  <testcase classname="com.elektronicare.tests.RegisterTest" name="testPasswordVisibilityToggle" time="16.317"/>
  <testcase classname="com.elektronicare.tests.RegisterTest" name="testValidRegistration" time="28.195"/>
  <testcase classname="com.elektronicare.tests.RegisterTest" name="testNavigateToLogin" time="16.382"/>
  <testcase classname="com.elektronicare.tests.RegisterTest" name="testBackNavigation" time="14.193"/>
  <testcase classname="com.elektronicare.tests.RegisterTest" name="testGoogleSignInButton" time="14.393"/>
  <testcase classname="com.elektronicare.tests.RegisterTest" name="testPhoneNumberFormatting" time="16.922"/>
</testsuite> <!-- com.elektronicare.tests.RegisterTest -->
