<?xml version="1.0" encoding="UTF-8"?>
<!-- Generated by org.testng.reporters.JUnitReportReporter -->
<testsuite hostname="neonnex" failures="0" tests="11" name="com.elektronicare.tests.RegisterTest" time="234.761" errors="0" timestamp="2025-06-02T13:17:43 WIB" skipped="0">
  <testcase classname="com.elektronicare.tests.RegisterTest" name="testRegisterPageDisplay" time="21.973"/>
  <testcase classname="com.elektronicare.tests.RegisterTest" name="testRegisterValidation" time="22.993"/>
  <testcase classname="com.elektronicare.tests.RegisterTest" name="testInvalidEmailValidation" time="27.429"/>
  <testcase classname="com.elektronicare.tests.RegisterTest" name="testInvalidPhoneValidation" time="22.602"/>
  <testcase classname="com.elektronicare.tests.RegisterTest" name="testShortPasswordValidation" time="23.627"/>
  <testcase classname="com.elektronicare.tests.RegisterTest" name="testPasswordVisibilityToggle" time="19.407"/>
  <testcase classname="com.elektronicare.tests.RegisterTest" name="testValidRegistration" time="29.056"/>
  <testcase classname="com.elektronicare.tests.RegisterTest" name="testNavigateToLogin" time="19.498"/>
  <testcase classname="com.elektronicare.tests.RegisterTest" name="testBackNavigation" time="15.570"/>
  <testcase classname="com.elektronicare.tests.RegisterTest" name="testGoogleSignInButton" time="15.738"/>
  <testcase classname="com.elektronicare.tests.RegisterTest" name="testPhoneNumberFormatting" time="16.868"/>
</testsuite> <!-- com.elektronicare.tests.RegisterTest -->
