<?xml version="1.0" encoding="UTF-8"?>
<!-- Generated by org.testng.reporters.JUnitReportReporter -->
<testsuite hostname="neonnex" failures="0" tests="5" name="com.elektronicare.tests.WelcomeTest" time="65.271" errors="0" timestamp="2025-05-31T23:06:24 WIB" skipped="0">
  <testcase classname="com.elektronicare.tests.WelcomeTest" name="testWelcomePageDisplay" time="16.053"/>
  <testcase classname="com.elektronicare.tests.WelcomeTest" name="testWelcomePageElements" time="11.899"/>
  <testcase classname="com.elektronicare.tests.WelcomeTest" name="testNavigateToRegister" time="13.044"/>
  <testcase classname="com.elektronicare.tests.WelcomeTest" name="testNavigateToLogin" time="12.638"/>
  <testcase classname="com.elektronicare.tests.WelcomeTest" name="testWelcomePageBranding" time="11.637"/>
</testsuite> <!-- com.elektronicare.tests.WelcomeTest -->
