<?xml version="1.0" encoding="UTF-8"?>
<!-- Generated by org.testng.reporters.JUnitReportReporter -->
<testsuite hostname="neonnex" failures="0" tests="4" name="com.elektronicare.tests.DashboardTest" time="74.571" errors="0" timestamp="2025-06-02T13:17:43 WIB" skipped="0">
  <testcase classname="com.elektronicare.tests.DashboardTest" name="testNavigationButtons" time="34.240"/>
  <testcase classname="com.elektronicare.tests.DashboardTest" name="testNavigationButtons" time="2.003"/>
  <testcase classname="com.elektronicare.tests.DashboardTest" name="testBottomNavigation" time="2.000"/>
  <testcase classname="com.elektronicare.tests.DashboardTest" name="testBottomNavigation" time="36.328"/>
</testsuite> <!-- com.elektronicare.tests.DashboardTest -->
