<?xml version="1.0" encoding="UTF-8"?>
<!-- Generated by org.testng.reporters.JUnitReportReporter -->
<testsuite hostname="neonnex" failures="3" tests="7" name="com.elektronicare.tests.ServicesTest" time="448.520" errors="1" timestamp="2025-05-31T23:06:24 WIB" skipped="0">
  <testcase classname="com.elektronicare.tests.ServicesTest" name="testServicesPageDisplay" time="306.638">
    <error type="java.lang.StackOverflowError">
      <![CDATA[java.lang.StackOverflowError
at com.elektronicare.pages.ServicesPage.areServicesDisplayed(ServicesPage.java:274)
at com.elektronicare.pages.ServicesPage.lambda$waitForServicesToLoad$0(ServicesPage.java:115)
at org.openqa.selenium.support.ui.FluentWait.until(FluentWait.java:203)
at com.elektronicare.pages.ServicesPage.waitForServicesToLoad(ServicesPage.java:112)
at com.elektronicare.pages.ServicesPage.getServicesCount(ServicesPage.java:330)
at com.elektronicare.pages.ServicesPage.areServicesDisplayed(ServicesPage.java:272)
at com.elektronicare.pages.ServicesPage.lambda$waitForServicesToLoad$0(ServicesPage.java:115)
at org.openqa.selenium.support.ui.FluentWait.until(FluentWait.java:203)
at com.elektronicare.pages.ServicesPage.waitForServicesToLoad(ServicesPage.java:112)
at com.elektronicare.pages.ServicesPage.getServicesCount(ServicesPage.java:330)
at com.elektronicare.pages.ServicesPage.areServicesDisplayed(ServicesPage.java:272)
at com.elektronicare.pages.ServicesPage.lambda$waitForServicesToLoad$0(ServicesPage.java:115)
at org.openqa.selenium.support.ui.FluentWait.until(FluentWait.java:203)
at com.elektronicare.pages.ServicesPage.waitForServicesToLoad(ServicesPage.java:112)
at com.elektronicare.pages.ServicesPage.getServicesCount(ServicesPage.java:330)
at com.elektronicare.pages.ServicesPage.areServicesDisplayed(ServicesPage.java:272)
at com.elektronicare.pages.ServicesPage.lambda$waitForServicesToLoad$0(ServicesPage.java:115)
at org.openqa.selenium.support.ui.FluentWait.until(FluentWait.java:203)
at com.elektronicare.pages.ServicesPage.waitForServicesToLoad(ServicesPage.java:112)
at com.elektronicare.pages.ServicesPage.getServicesCount(ServicesPage.java:330)
at com.elektronicare.pages.ServicesPage.areServicesDisplayed(ServicesPage.java:272)
at com.elektronicare.pages.ServicesPage.lambda$waitForServicesToLoad$0(ServicesPage.java:115)
at org.openqa.selenium.support.ui.FluentWait.until(FluentWait.java:203)
at com.elektronicare.pages.ServicesPage.waitForServicesToLoad(ServicesPage.java:112)
at com.elektronicare.pages.ServicesPage.getServicesCount(ServicesPage.java:330)
at com.elektronicare.pages.ServicesPage.areServicesDisplayed(ServicesPage.java:272)
at com.elektronicare.pages.ServicesPage.lambda$waitForServicesToLoad$0(ServicesPage.java:115)
at org.openqa.selenium.support.ui.FluentWait.until(FluentWait.java:203)
at com.elektronicare.pages.ServicesPage.waitForServicesToLoad(ServicesPage.java:112)
at com.elektronicare.pages.ServicesPage.getServicesCount(ServicesPage.java:330)
at com.elektronicare.pages.ServicesPage.areServicesDisplayed(ServicesPage.java:272)
at com.elektronicare.pages.ServicesPage.lambda$waitForServicesToLoad$0(ServicesPage.java:115)
at org.openqa.selenium.support.ui.FluentWait.until(FluentWait.java:203)
at com.elektronicare.pages.ServicesPage.waitForServicesToLoad(ServicesPage.java:112)
at com.elektronicare.pages.ServicesPage.getServicesCount(ServicesPage.java:330)
at com.elektronicare.pages.ServicesPage.areServicesDisplayed(ServicesPage.java:272)
at com.elektronicare.pages.ServicesPage.lambda$waitForServicesToLoad$0(ServicesPage.java:115)
at org.openqa.selenium.support.ui.FluentWait.until(FluentWait.java:203)
at com.elektronicare.pages.ServicesPage.waitForServicesToLoad(ServicesPage.java:112)
at com.elektronicare.pages.ServicesPage.getServicesCount(ServicesPage.java:330)
at com.elektronicare.pages.ServicesPage.areServicesDisplayed(ServicesPage.java:272)
at com.elektronicare.pages.ServicesPage.lambda$waitForServicesToLoad$0(ServicesPage.java:115)
at org.openqa.selenium.support.ui.FluentWait.until(FluentWait.java:203)
at com.elektronicare.pages.ServicesPage.waitForServicesToLoad(ServicesPage.java:112)
at com.elektronicare.pages.ServicesPage.getServicesCount(ServicesPage.java:330)
at com.elektronicare.pages.ServicesPage.areServicesDisplayed(ServicesPage.java:272)
at com.elektronicare.pages.ServicesPage.lambda$waitForServicesToLoad$0(ServicesPage.java:115)
at org.openqa.selenium.support.ui.FluentWait.until(FluentWait.java:203)
at com.elektronicare.pages.ServicesPage.waitForServicesToLoad(ServicesPage.java:112)
at com.elektronicare.pages.ServicesPage.getServicesCount(ServicesPage.java:330)
at com.elektronicare.pages.ServicesPage.areServicesDisplayed(ServicesPage.java:272)
at com.elektronicare.pages.ServicesPage.lambda$waitForServicesToLoad$0(ServicesPage.java:115)
at org.openqa.selenium.support.ui.FluentWait.until(FluentWait.java:203)
at com.elektronicare.pages.ServicesPage.waitForServicesToLoad(ServicesPage.java:112)
at com.elektronicare.pages.ServicesPage.getServicesCount(ServicesPage.java:330)
at com.elektronicare.pages.ServicesPage.areServicesDisplayed(ServicesPage.java:272)
at com.elektronicare.pages.ServicesPage.lambda$waitForServicesToLoad$0(ServicesPage.java:115)
at org.openqa.selenium.support.ui.FluentWait.until(FluentWait.java:203)
at com.elektronicare.pages.ServicesPage.waitForServicesToLoad(ServicesPage.java:112)
at com.elektronicare.pages.ServicesPage.getServicesCount(ServicesPage.java:330)
at com.elektronicare.pages.ServicesPage.areServicesDisplayed(ServicesPage.java:272)
at com.elektronicare.pages.ServicesPage.lambda$waitForServicesToLoad$0(ServicesPage.java:115)
at org.openqa.selenium.support.ui.FluentWait.until(FluentWait.java:203)
at com.elektronicare.pages.ServicesPage.waitForServicesToLoad(ServicesPage.java:112)
at com.elektronicare.pages.ServicesPage.getServicesCount(ServicesPage.java:330)
at com.elektronicare.pages.ServicesPage.areServicesDisplayed(ServicesPage.java:272)
at com.elektronicare.pages.ServicesPage.lambda$waitForServicesToLoad$0(ServicesPage.java:115)
at org.openqa.selenium.support.ui.FluentWait.until(FluentWait.java:203)
at com.elektronicare.pages.ServicesPage.waitForServicesToLoad(ServicesPage.java:112)
at com.elektronicare.pages.ServicesPage.getServicesCount(ServicesPage.java:330)
at com.elektronicare.pages.ServicesPage.areServicesDisplayed(ServicesPage.java:272)
at com.elektronicare.pages.ServicesPage.lambda$waitForServicesToLoad$0(ServicesPage.java:115)
at org.openqa.selenium.support.ui.FluentWait.until(FluentWait.java:203)
at com.elektronicare.pages.ServicesPage.waitForServicesToLoad(ServicesPage.java:112)
at com.elektronicare.pages.ServicesPage.getServicesCount(ServicesPage.java:330)
at com.elektronicare.pages.ServicesPage.areServicesDisplayed(ServicesPage.java:272)
at com.elektronicare.pages.ServicesPage.lambda$waitForServicesToLoad$0(ServicesPage.java:115)
at org.openqa.selenium.support.ui.FluentWait.until(FluentWait.java:203)
at com.elektronicare.pages.ServicesPage.waitForServicesToLoad(ServicesPage.java:112)
at com.elektronicare.pages.ServicesPage.getServicesCount(ServicesPage.java:330)
at com.elektronicare.pages.ServicesPage.areServicesDisplayed(ServicesPage.java:272)
at com.elektronicare.pages.ServicesPage.lambda$waitForServicesToLoad$0(ServicesPage.java:115)
at org.openqa.selenium.support.ui.FluentWait.until(FluentWait.java:203)
at com.elektronicare.pages.ServicesPage.waitForServicesToLoad(ServicesPage.java:112)
at com.elektronicare.pages.ServicesPage.getServicesCount(ServicesPage.java:330)
at com.elektronicare.pages.ServicesPage.areServicesDisplayed(ServicesPage.java:272)
at com.elektronicare.pages.ServicesPage.lambda$waitForServicesToLoad$0(ServicesPage.java:115)
at org.openqa.selenium.support.ui.FluentWait.until(FluentWait.java:203)
at com.elektronicare.pages.ServicesPage.waitForServicesToLoad(ServicesPage.java:112)
at com.elektronicare.pages.ServicesPage.getServicesCount(ServicesPage.java:330)
at com.elektronicare.pages.ServicesPage.areServicesDisplayed(ServicesPage.java:272)
at com.elektronicare.pages.ServicesPage.lambda$waitForServicesToLoad$0(ServicesPage.java:115)
at org.openqa.selenium.support.ui.FluentWait.until(FluentWait.java:203)
at com.elektronicare.pages.ServicesPage.waitForServicesToLoad(ServicesPage.java:112)
at com.elektronicare.pages.ServicesPage.getServicesCount(ServicesPage.java:330)
at com.elektronicare.pages.ServicesPage.areServicesDisplayed(ServicesPage.java:272)
at com.elektronicare.pages.ServicesPage.lambda$waitForServicesToLoad$0(ServicesPage.java:115)
at org.openqa.selenium.support.ui.FluentWait.until(FluentWait.java:203)
at com.elektronicare.pages.ServicesPage.waitForServicesToLoad(ServicesPage.java:112)
at com.elektronicare.pages.ServicesPage.getServicesCount(ServicesPage.java:330)
at com.elektronicare.pages.ServicesPage.areServicesDisplayed(ServicesPage.java:272)
at com.elektronicare.pages.ServicesPage.lambda$waitForServicesToLoad$0(ServicesPage.java:115)
at org.openqa.selenium.support.ui.FluentWait.until(FluentWait.java:203)
at com.elektronicare.pages.ServicesPage.waitForServicesToLoad(ServicesPage.java:112)
at com.elektronicare.pages.ServicesPage.getServicesCount(ServicesPage.java:330)
at com.elektronicare.pages.ServicesPage.areServicesDisplayed(ServicesPage.java:272)
at com.elektronicare.pages.ServicesPage.lambda$waitForServicesToLoad$0(ServicesPage.java:115)
at org.openqa.selenium.support.ui.FluentWait.until(FluentWait.java:203)
at com.elektronicare.pages.ServicesPage.waitForServicesToLoad(ServicesPage.java:112)
at com.elektronicare.pages.ServicesPage.getServicesCount(ServicesPage.java:330)
at com.elektronicare.pages.ServicesPage.areServicesDisplayed(ServicesPage.java:272)
at com.elektronicare.pages.ServicesPage.lambda$waitForServicesToLoad$0(ServicesPage.java:115)
at org.openqa.selenium.support.ui.FluentWait.until(FluentWait.java:203)
at com.elektronicare.pages.ServicesPage.waitForServicesToLoad(ServicesPage.java:112)
at com.elektronicare.pages.ServicesPage.getServicesCount(ServicesPage.java:330)
at com.elektronicare.pages.ServicesPage.areServicesDisplayed(ServicesPage.java:272)
at com.elektronicare.pages.ServicesPage.lambda$waitForServicesToLoad$0(ServicesPage.java:115)
at org.openqa.selenium.support.ui.FluentWait.until(FluentWait.java:203)
at com.elektronicare.pages.ServicesPage.waitForServicesToLoad(ServicesPage.java:112)
at com.elektronicare.pages.ServicesPage.getServicesCount(ServicesPage.java:330)
at com.elektronicare.pages.ServicesPage.areServicesDisplayed(ServicesPage.java:272)
at com.elektronicare.pages.ServicesPage.lambda$waitForServicesToLoad$0(ServicesPage.java:115)
at org.openqa.selenium.support.ui.FluentWait.until(FluentWait.java:203)
at com.elektronicare.pages.ServicesPage.waitForServicesToLoad(ServicesPage.java:112)
at com.elektronicare.pages.ServicesPage.getServicesCount(ServicesPage.java:330)
at com.elektronicare.pages.ServicesPage.areServicesDisplayed(ServicesPage.java:272)
at com.elektronicare.pages.ServicesPage.lambda$waitForServicesToLoad$0(ServicesPage.java:115)
at org.openqa.selenium.support.ui.FluentWait.until(FluentWait.java:203)
at com.elektronicare.pages.ServicesPage.waitForServicesToLoad(ServicesPage.java:112)
at com.elektronicare.pages.ServicesPage.getServicesCount(ServicesPage.java:330)
at com.elektronicare.pages.ServicesPage.areServicesDisplayed(ServicesPage.java:272)
at com.elektronicare.pages.ServicesPage.lambda$waitForServicesToLoad$0(ServicesPage.java:115)
at org.openqa.selenium.support.ui.FluentWait.until(FluentWait.java:203)
at com.elektronicare.pages.ServicesPage.waitForServicesToLoad(ServicesPage.java:112)
at com.elektronicare.pages.ServicesPage.getServicesCount(ServicesPage.java:330)
at com.elektronicare.pages.ServicesPage.areServicesDisplayed(ServicesPage.java:272)
at com.elektronicare.pages.ServicesPage.lambda$waitForServicesToLoad$0(ServicesPage.java:115)
at org.openqa.selenium.support.ui.FluentWait.until(FluentWait.java:203)
at com.elektronicare.pages.ServicesPage.waitForServicesToLoad(ServicesPage.java:112)
at com.elektronicare.pages.ServicesPage.getServicesCount(ServicesPage.java:330)
at com.elektronicare.pages.ServicesPage.areServicesDisplayed(ServicesPage.java:272)
at com.elektronicare.pages.ServicesPage.lambda$waitForServicesToLoad$0(ServicesPage.java:115)
at org.openqa.selenium.support.ui.FluentWait.until(FluentWait.java:203)
at com.elektronicare.pages.ServicesPage.waitForServicesToLoad(ServicesPage.java:112)
at com.elektronicare.pages.ServicesPage.getServicesCount(ServicesPage.java:330)
at com.elektronicare.pages.ServicesPage.areServicesDisplayed(ServicesPage.java:272)
at com.elektronicare.pages.ServicesPage.lambda$waitForServicesToLoad$0(ServicesPage.java:115)
at org.openqa.selenium.support.ui.FluentWait.until(FluentWait.java:203)
at com.elektronicare.pages.ServicesPage.waitForServicesToLoad(ServicesPage.java:112)
at com.elektronicare.pages.ServicesPage.getServicesCount(ServicesPage.java:330)
at com.elektronicare.pages.ServicesPage.areServicesDisplayed(ServicesPage.java:272)
at com.elektronicare.pages.ServicesPage.lambda$waitForServicesToLoad$0(ServicesPage.java:115)
at org.openqa.selenium.support.ui.FluentWait.until(FluentWait.java:203)
at com.elektronicare.pages.ServicesPage.waitForServicesToLoad(ServicesPage.java:112)
at com.elektronicare.pages.ServicesPage.getServicesCount(ServicesPage.java:330)
at com.elektronicare.pages.ServicesPage.areServicesDisplayed(ServicesPage.java:272)
at com.elektronicare.pages.ServicesPage.lambda$waitForServicesToLoad$0(ServicesPage.java:115)
at org.openqa.selenium.support.ui.FluentWait.until(FluentWait.java:203)
at com.elektronicare.pages.ServicesPage.waitForServicesToLoad(ServicesPage.java:112)
at com.elektronicare.pages.ServicesPage.getServicesCount(ServicesPage.java:330)
at com.elektronicare.pages.ServicesPage.areServicesDisplayed(ServicesPage.java:272)
at com.elektronicare.pages.ServicesPage.lambda$waitForServicesToLoad$0(ServicesPage.java:115)
at org.openqa.selenium.support.ui.FluentWait.until(FluentWait.java:203)
at com.elektronicare.pages.ServicesPage.waitForServicesToLoad(ServicesPage.java:112)
at com.elektronicare.pages.ServicesPage.getServicesCount(ServicesPage.java:330)
at com.elektronicare.pages.ServicesPage.areServicesDisplayed(ServicesPage.java:272)
at com.elektronicare.pages.ServicesPage.lambda$waitForServicesToLoad$0(ServicesPage.java:115)
at org.openqa.selenium.support.ui.FluentWait.until(FluentWait.java:203)
at com.elektronicare.pages.ServicesPage.waitForServicesToLoad(ServicesPage.java:112)
at com.elektronicare.pages.ServicesPage.getServicesCount(ServicesPage.java:330)
at com.elektronicare.pages.ServicesPage.areServicesDisplayed(ServicesPage.java:272)
at com.elektronicare.pages.ServicesPage.lambda$waitForServicesToLoad$0(ServicesPage.java:115)
at org.openqa.selenium.support.ui.FluentWait.until(FluentWait.java:203)
at com.elektronicare.pages.ServicesPage.waitForServicesToLoad(ServicesPage.java:112)
at com.elektronicare.pages.ServicesPage.getServicesCount(ServicesPage.java:330)
at com.elektronicare.pages.ServicesPage.areServicesDisplayed(ServicesPage.java:272)
at com.elektronicare.pages.ServicesPage.lambda$waitForServicesToLoad$0(ServicesPage.java:115)
at org.openqa.selenium.support.ui.FluentWait.until(FluentWait.java:203)
at com.elektronicare.pages.ServicesPage.waitForServicesToLoad(ServicesPage.java:112)
at com.elektronicare.pages.ServicesPage.getServicesCount(ServicesPage.java:330)
at com.elektronicare.pages.ServicesPage.areServicesDisplayed(ServicesPage.java:272)
at com.elektronicare.pages.ServicesPage.lambda$waitForServicesToLoad$0(ServicesPage.java:115)
at org.openqa.selenium.support.ui.FluentWait.until(FluentWait.java:203)
at com.elektronicare.pages.ServicesPage.waitForServicesToLoad(ServicesPage.java:112)
at com.elektronicare.pages.ServicesPage.getServicesCount(ServicesPage.java:330)
at com.elektronicare.pages.ServicesPage.areServicesDisplayed(ServicesPage.java:272)
at com.elektronicare.pages.ServicesPage.lambda$waitForServicesToLoad$0(ServicesPage.java:115)
at org.openqa.selenium.support.ui.FluentWait.until(FluentWait.java:203)
at com.elektronicare.pages.ServicesPage.waitForServicesToLoad(ServicesPage.java:112)
at com.elektronicare.pages.ServicesPage.getServicesCount(ServicesPage.java:330)
at com.elektronicare.pages.ServicesPage.areServicesDisplayed(ServicesPage.java:272)
at com.elektronicare.pages.ServicesPage.lambda$waitForServicesToLoad$0(ServicesPage.java:115)
at org.openqa.selenium.support.ui.FluentWait.until(FluentWait.java:203)
at com.elektronicare.pages.ServicesPage.waitForServicesToLoad(ServicesPage.java:112)
at com.elektronicare.pages.ServicesPage.getServicesCount(ServicesPage.java:330)
at com.elektronicare.pages.ServicesPage.areServicesDisplayed(ServicesPage.java:272)
at com.elektronicare.pages.ServicesPage.lambda$waitForServicesToLoad$0(ServicesPage.java:115)
at org.openqa.selenium.support.ui.FluentWait.until(FluentWait.java:203)
at com.elektronicare.pages.ServicesPage.waitForServicesToLoad(ServicesPage.java:112)
at com.elektronicare.pages.ServicesPage.getServicesCount(ServicesPage.java:330)
at com.elektronicare.pages.ServicesPage.areServicesDisplayed(ServicesPage.java:272)
at com.elektronicare.pages.ServicesPage.lambda$waitForServicesToLoad$0(ServicesPage.java:115)
at org.openqa.selenium.support.ui.FluentWait.until(FluentWait.java:203)
at com.elektronicare.pages.ServicesPage.waitForServicesToLoad(ServicesPage.java:112)
at com.elektronicare.pages.ServicesPage.getServicesCount(ServicesPage.java:330)
at com.elektronicare.pages.ServicesPage.areServicesDisplayed(ServicesPage.java:272)
at com.elektronicare.pages.ServicesPage.lambda$waitForServicesToLoad$0(ServicesPage.java:115)
at org.openqa.selenium.support.ui.FluentWait.until(FluentWait.java:203)
at com.elektronicare.pages.ServicesPage.waitForServicesToLoad(ServicesPage.java:112)
at com.elektronicare.pages.ServicesPage.getServicesCount(ServicesPage.java:330)
at com.elektronicare.pages.ServicesPage.areServicesDisplayed(ServicesPage.java:272)
at com.elektronicare.pages.ServicesPage.lambda$waitForServicesToLoad$0(ServicesPage.java:115)
at org.openqa.selenium.support.ui.FluentWait.until(FluentWait.java:203)
at com.elektronicare.pages.ServicesPage.waitForServicesToLoad(ServicesPage.java:112)
at com.elektronicare.pages.ServicesPage.getServicesCount(ServicesPage.java:330)
at com.elektronicare.pages.ServicesPage.areServicesDisplayed(ServicesPage.java:272)
at com.elektronicare.pages.ServicesPage.lambda$waitForServicesToLoad$0(ServicesPage.java:115)
at org.openqa.selenium.support.ui.FluentWait.until(FluentWait.java:203)
at com.elektronicare.pages.ServicesPage.waitForServicesToLoad(ServicesPage.java:112)
at com.elektronicare.pages.ServicesPage.getServicesCount(ServicesPage.java:330)
at com.elektronicare.pages.ServicesPage.areServicesDisplayed(ServicesPage.java:272)
at com.elektronicare.pages.ServicesPage.lambda$waitForServicesToLoad$0(ServicesPage.java:115)
at org.openqa.selenium.support.ui.FluentWait.until(FluentWait.java:203)
at com.elektronicare.pages.ServicesPage.waitForServicesToLoad(ServicesPage.java:112)
at com.elektronicare.pages.ServicesPage.getServicesCount(ServicesPage.java:330)
at com.elektronicare.pages.ServicesPage.areServicesDisplayed(ServicesPage.java:272)
at com.elektronicare.pages.ServicesPage.lambda$waitForServicesToLoad$0(ServicesPage.java:115)
at org.openqa.selenium.support.ui.FluentWait.until(FluentWait.java:203)
at com.elektronicare.pages.ServicesPage.waitForServicesToLoad(ServicesPage.java:112)
at com.elektronicare.pages.ServicesPage.getServicesCount(ServicesPage.java:330)
at com.elektronicare.pages.ServicesPage.areServicesDisplayed(ServicesPage.java:272)
at com.elektronicare.pages.ServicesPage.lambda$waitForServicesToLoad$0(ServicesPage.java:115)
at org.openqa.selenium.support.ui.FluentWait.until(FluentWait.java:203)
at com.elektronicare.pages.ServicesPage.waitForServicesToLoad(ServicesPage.java:112)
at com.elektronicare.pages.ServicesPage.getServicesCount(ServicesPage.java:330)
at com.elektronicare.pages.ServicesPage.areServicesDisplayed(ServicesPage.java:272)
at com.elektronicare.pages.ServicesPage.lambda$waitForServicesToLoad$0(ServicesPage.java:115)
at org.openqa.selenium.support.ui.FluentWait.until(FluentWait.java:203)
at com.elektronicare.pages.ServicesPage.waitForServicesToLoad(ServicesPage.java:112)
at com.elektronicare.pages.ServicesPage.getServicesCount(ServicesPage.java:330)
at com.elektronicare.pages.ServicesPage.areServicesDisplayed(ServicesPage.java:272)
at com.elektronicare.pages.ServicesPage.lambda$waitForServicesToLoad$0(ServicesPage.java:115)
at org.openqa.selenium.support.ui.FluentWait.until(FluentWait.java:203)
at com.elektronicare.pages.ServicesPage.waitForServicesToLoad(ServicesPage.java:112)
at com.elektronicare.pages.ServicesPage.getServicesCount(ServicesPage.java:330)
at com.elektronicare.pages.ServicesPage.areServicesDisplayed(ServicesPage.java:272)
at com.elektronicare.pages.ServicesPage.lambda$waitForServicesToLoad$0(ServicesPage.java:115)
at org.openqa.selenium.support.ui.FluentWait.until(FluentWait.java:203)
at com.elektronicare.pages.ServicesPage.waitForServicesToLoad(ServicesPage.java:112)
at com.elektronicare.pages.ServicesPage.getServicesCount(ServicesPage.java:330)
at com.elektronicare.pages.ServicesPage.areServicesDisplayed(ServicesPage.java:272)
at com.elektronicare.pages.ServicesPage.lambda$waitForServicesToLoad$0(ServicesPage.java:115)
at org.openqa.selenium.support.ui.FluentWait.until(FluentWait.java:203)
at com.elektronicare.pages.ServicesPage.waitForServicesToLoad(ServicesPage.java:112)
at com.elektronicare.pages.ServicesPage.getServicesCount(ServicesPage.java:330)
at com.elektronicare.pages.ServicesPage.areServicesDisplayed(ServicesPage.java:272)
at com.elektronicare.pages.ServicesPage.lambda$waitForServicesToLoad$0(ServicesPage.java:115)
at org.openqa.selenium.support.ui.FluentWait.until(FluentWait.java:203)
at com.elektronicare.pages.ServicesPage.waitForServicesToLoad(ServicesPage.java:112)
at com.elektronicare.pages.ServicesPage.getServicesCount(ServicesPage.java:330)
at com.elektronicare.pages.ServicesPage.areServicesDisplayed(ServicesPage.java:272)
at com.elektronicare.pages.ServicesPage.lambda$waitForServicesToLoad$0(ServicesPage.java:115)
at org.openqa.selenium.support.ui.FluentWait.until(FluentWait.java:203)
at com.elektronicare.pages.ServicesPage.waitForServicesToLoad(ServicesPage.java:112)
at com.elektronicare.pages.ServicesPage.getServicesCount(ServicesPage.java:330)
at com.elektronicare.pages.ServicesPage.areServicesDisplayed(ServicesPage.java:272)
at com.elektronicare.pages.ServicesPage.lambda$waitForServicesToLoad$0(ServicesPage.java:115)
at org.openqa.selenium.support.ui.FluentWait.until(FluentWait.java:203)
at com.elektronicare.pages.ServicesPage.waitForServicesToLoad(ServicesPage.java:112)
at com.elektronicare.pages.ServicesPage.getServicesCount(ServicesPage.java:330)
at com.elektronicare.pages.ServicesPage.areServicesDisplayed(ServicesPage.java:272)
at com.elektronicare.pages.ServicesPage.lambda$waitForServicesToLoad$0(ServicesPage.java:115)
at org.openqa.selenium.support.ui.FluentWait.until(FluentWait.java:203)
at com.elektronicare.pages.ServicesPage.waitForServicesToLoad(ServicesPage.java:112)
at com.elektronicare.pages.ServicesPage.getServicesCount(ServicesPage.java:330)
at com.elektronicare.pages.ServicesPage.areServicesDisplayed(ServicesPage.java:272)
at com.elektronicare.pages.ServicesPage.lambda$waitForServicesToLoad$0(ServicesPage.java:115)
at org.openqa.selenium.support.ui.FluentWait.until(FluentWait.java:203)
at com.elektronicare.pages.ServicesPage.waitForServicesToLoad(ServicesPage.java:112)
at com.elektronicare.pages.ServicesPage.getServicesCount(ServicesPage.java:330)
at com.elektronicare.pages.ServicesPage.areServicesDisplayed(ServicesPage.java:272)
at com.elektronicare.pages.ServicesPage.lambda$waitForServicesToLoad$0(ServicesPage.java:115)
at org.openqa.selenium.support.ui.FluentWait.until(FluentWait.java:203)
at com.elektronicare.pages.ServicesPage.waitForServicesToLoad(ServicesPage.java:112)
at com.elektronicare.pages.ServicesPage.getServicesCount(ServicesPage.java:330)
at com.elektronicare.pages.ServicesPage.areServicesDisplayed(ServicesPage.java:272)
at com.elektronicare.pages.ServicesPage.lambda$waitForServicesToLoad$0(ServicesPage.java:115)
at org.openqa.selenium.support.ui.FluentWait.until(FluentWait.java:203)
at com.elektronicare.pages.ServicesPage.waitForServicesToLoad(ServicesPage.java:112)
at com.elektronicare.pages.ServicesPage.getServicesCount(ServicesPage.java:330)
at com.elektronicare.pages.ServicesPage.areServicesDisplayed(ServicesPage.java:272)
at com.elektronicare.pages.ServicesPage.lambda$waitForServicesToLoad$0(ServicesPage.java:115)
at org.openqa.selenium.support.ui.FluentWait.until(FluentWait.java:203)
at com.elektronicare.pages.ServicesPage.waitForServicesToLoad(ServicesPage.java:112)
at com.elektronicare.pages.ServicesPage.getServicesCount(ServicesPage.java:330)
at com.elektronicare.pages.ServicesPage.areServicesDisplayed(ServicesPage.java:272)
at com.elektronicare.pages.ServicesPage.lambda$waitForServicesToLoad$0(ServicesPage.java:115)
at org.openqa.selenium.support.ui.FluentWait.until(FluentWait.java:203)
at com.elektronicare.pages.ServicesPage.waitForServicesToLoad(ServicesPage.java:112)
at com.elektronicare.pages.ServicesPage.getServicesCount(ServicesPage.java:330)
at com.elektronicare.pages.ServicesPage.areServicesDisplayed(ServicesPage.java:272)
at com.elektronicare.pages.ServicesPage.lambda$waitForServicesToLoad$0(ServicesPage.java:115)
at org.openqa.selenium.support.ui.FluentWait.until(FluentWait.java:203)
at com.elektronicare.pages.ServicesPage.waitForServicesToLoad(ServicesPage.java:112)
at com.elektronicare.pages.ServicesPage.getServicesCount(ServicesPage.java:330)
at com.elektronicare.pages.ServicesPage.areServicesDisplayed(ServicesPage.java:272)
at com.elektronicare.pages.ServicesPage.lambda$waitForServicesToLoad$0(ServicesPage.java:115)
at org.openqa.selenium.support.ui.FluentWait.until(FluentWait.java:203)
at com.elektronicare.pages.ServicesPage.waitForServicesToLoad(ServicesPage.java:112)
at com.elektronicare.pages.ServicesPage.getServicesCount(ServicesPage.java:330)
at com.elektronicare.pages.ServicesPage.areServicesDisplayed(ServicesPage.java:272)
at com.elektronicare.pages.ServicesPage.lambda$waitForServicesToLoad$0(ServicesPage.java:115)
at org.openqa.selenium.support.ui.FluentWait.until(FluentWait.java:203)
at com.elektronicare.pages.ServicesPage.waitForServicesToLoad(ServicesPage.java:112)
at com.elektronicare.pages.ServicesPage.getServicesCount(ServicesPage.java:330)
at com.elektronicare.pages.ServicesPage.areServicesDisplayed(ServicesPage.java:272)
at com.elektronicare.pages.ServicesPage.lambda$waitForServicesToLoad$0(ServicesPage.java:115)
at org.openqa.selenium.support.ui.FluentWait.until(FluentWait.java:203)
at com.elektronicare.pages.ServicesPage.waitForServicesToLoad(ServicesPage.java:112)
at com.elektronicare.pages.ServicesPage.getServicesCount(ServicesPage.java:330)
at com.elektronicare.pages.ServicesPage.areServicesDisplayed(ServicesPage.java:272)
at com.elektronicare.pages.ServicesPage.lambda$waitForServicesToLoad$0(ServicesPage.java:115)
at org.openqa.selenium.support.ui.FluentWait.until(FluentWait.java:203)
at com.elektronicare.pages.ServicesPage.waitForServicesToLoad(ServicesPage.java:112)
at com.elektronicare.pages.ServicesPage.getServicesCount(ServicesPage.java:330)
at com.elektronicare.pages.ServicesPage.areServicesDisplayed(ServicesPage.java:272)
at com.elektronicare.pages.ServicesPage.lambda$waitForServicesToLoad$0(ServicesPage.java:115)
at org.openqa.selenium.support.ui.FluentWait.until(FluentWait.java:203)
at com.elektronicare.pages.ServicesPage.waitForServicesToLoad(ServicesPage.java:112)
at com.elektronicare.pages.ServicesPage.getServicesCount(ServicesPage.java:330)
at com.elektronicare.pages.ServicesPage.areServicesDisplayed(ServicesPage.java:272)
at com.elektronicare.pages.ServicesPage.lambda$waitForServicesToLoad$0(ServicesPage.java:115)
at org.openqa.selenium.support.ui.FluentWait.until(FluentWait.java:203)
at com.elektronicare.pages.ServicesPage.waitForServicesToLoad(ServicesPage.java:112)
at com.elektronicare.pages.ServicesPage.getServicesCount(ServicesPage.java:330)
at com.elektronicare.pages.ServicesPage.areServicesDisplayed(ServicesPage.java:272)
at com.elektronicare.pages.ServicesPage.lambda$waitForServicesToLoad$0(ServicesPage.java:115)
at org.openqa.selenium.support.ui.FluentWait.until(FluentWait.java:203)
at com.elektronicare.pages.ServicesPage.waitForServicesToLoad(ServicesPage.java:112)
at com.elektronicare.pages.ServicesPage.getServicesCount(ServicesPage.java:330)
at com.elektronicare.pages.ServicesPage.areServicesDisplayed(ServicesPage.java:272)
at com.elektronicare.pages.ServicesPage.lambda$waitForServicesToLoad$0(ServicesPage.java:115)
at org.openqa.selenium.support.ui.FluentWait.until(FluentWait.java:203)
at com.elektronicare.pages.ServicesPage.waitForServicesToLoad(ServicesPage.java:112)
at com.elektronicare.pages.ServicesPage.getServicesCount(ServicesPage.java:330)
at com.elektronicare.pages.ServicesPage.areServicesDisplayed(ServicesPage.java:272)
at com.elektronicare.pages.ServicesPage.lambda$waitForServicesToLoad$0(ServicesPage.java:115)
at org.openqa.selenium.support.ui.FluentWait.until(FluentWait.java:203)
at com.elektronicare.pages.ServicesPage.waitForServicesToLoad(ServicesPage.java:112)
at com.elektronicare.pages.ServicesPage.getServicesCount(ServicesPage.java:330)
at com.elektronicare.pages.ServicesPage.areServicesDisplayed(ServicesPage.java:272)
at com.elektronicare.pages.ServicesPage.lambda$waitForServicesToLoad$0(ServicesPage.java:115)
at org.openqa.selenium.support.ui.FluentWait.until(FluentWait.java:203)
at com.elektronicare.pages.ServicesPage.waitForServicesToLoad(ServicesPage.java:112)
at com.elektronicare.pages.ServicesPage.getServicesCount(ServicesPage.java:330)
at com.elektronicare.pages.ServicesPage.areServicesDisplayed(ServicesPage.java:272)
at com.elektronicare.pages.ServicesPage.lambda$waitForServicesToLoad$0(ServicesPage.java:115)
at org.openqa.selenium.support.ui.FluentWait.until(FluentWait.java:203)
at com.elektronicare.pages.ServicesPage.waitForServicesToLoad(ServicesPage.java:112)
at com.elektronicare.pages.ServicesPage.getServicesCount(ServicesPage.java:330)
at com.elektronicare.pages.ServicesPage.areServicesDisplayed(ServicesPage.java:272)
at com.elektronicare.pages.ServicesPage.lambda$waitForServicesToLoad$0(ServicesPage.java:115)
at org.openqa.selenium.support.ui.FluentWait.until(FluentWait.java:203)
at com.elektronicare.pages.ServicesPage.waitForServicesToLoad(ServicesPage.java:112)
at com.elektronicare.pages.ServicesPage.getServicesCount(ServicesPage.java:330)
at com.elektronicare.pages.ServicesPage.areServicesDisplayed(ServicesPage.java:272)
at com.elektronicare.pages.ServicesPage.lambda$waitForServicesToLoad$0(ServicesPage.java:115)
at org.openqa.selenium.support.ui.FluentWait.until(FluentWait.java:203)
at com.elektronicare.pages.ServicesPage.waitForServicesToLoad(ServicesPage.java:112)
at com.elektronicare.pages.ServicesPage.getServicesCount(ServicesPage.java:330)
at com.elektronicare.pages.ServicesPage.areServicesDisplayed(ServicesPage.java:272)
at com.elektronicare.pages.ServicesPage.lambda$waitForServicesToLoad$0(ServicesPage.java:115)
at org.openqa.selenium.support.ui.FluentWait.until(FluentWait.java:203)
at com.elektronicare.pages.ServicesPage.waitForServicesToLoad(ServicesPage.java:112)
at com.elektronicare.pages.ServicesPage.getServicesCount(ServicesPage.java:330)
at com.elektronicare.pages.ServicesPage.areServicesDisplayed(ServicesPage.java:272)
at com.elektronicare.pages.ServicesPage.lambda$waitForServicesToLoad$0(ServicesPage.java:115)
at org.openqa.selenium.support.ui.FluentWait.until(FluentWait.java:203)
at com.elektronicare.pages.ServicesPage.waitForServicesToLoad(ServicesPage.java:112)
at com.elektronicare.pages.ServicesPage.getServicesCount(ServicesPage.java:330)
at com.elektronicare.pages.ServicesPage.areServicesDisplayed(ServicesPage.java:272)
at com.elektronicare.pages.ServicesPage.lambda$waitForServicesToLoad$0(ServicesPage.java:115)
at org.openqa.selenium.support.ui.FluentWait.until(FluentWait.java:203)
at com.elektronicare.pages.ServicesPage.waitForServicesToLoad(ServicesPage.java:112)
at com.elektronicare.pages.ServicesPage.getServicesCount(ServicesPage.java:330)
at com.elektronicare.pages.ServicesPage.areServicesDisplayed(ServicesPage.java:272)
at com.elektronicare.pages.ServicesPage.lambda$waitForServicesToLoad$0(ServicesPage.java:115)
at org.openqa.selenium.support.ui.FluentWait.until(FluentWait.java:203)
at com.elektronicare.pages.ServicesPage.waitForServicesToLoad(ServicesPage.java:112)
at com.elektronicare.pages.ServicesPage.getServicesCount(ServicesPage.java:330)
at com.elektronicare.pages.ServicesPage.areServicesDisplayed(ServicesPage.java:272)
at com.elektronicare.pages.ServicesPage.lambda$waitForServicesToLoad$0(ServicesPage.java:115)
at org.openqa.selenium.support.ui.FluentWait.until(FluentWait.java:203)
at com.elektronicare.pages.ServicesPage.waitForServicesToLoad(ServicesPage.java:112)
at com.elektronicare.pages.ServicesPage.getServicesCount(ServicesPage.java:330)
at com.elektronicare.pages.ServicesPage.areServicesDisplayed(ServicesPage.java:272)
at com.elektronicare.pages.ServicesPage.lambda$waitForServicesToLoad$0(ServicesPage.java:115)
at org.openqa.selenium.support.ui.FluentWait.until(FluentWait.java:203)
at com.elektronicare.pages.ServicesPage.waitForServicesToLoad(ServicesPage.java:112)
at com.elektronicare.pages.ServicesPage.getServicesCount(ServicesPage.java:330)
at com.elektronicare.pages.ServicesPage.areServicesDisplayed(ServicesPage.java:272)
at com.elektronicare.pages.ServicesPage.lambda$waitForServicesToLoad$0(ServicesPage.java:115)
at org.openqa.selenium.support.ui.FluentWait.until(FluentWait.java:203)
at com.elektronicare.pages.ServicesPage.waitForServicesToLoad(ServicesPage.java:112)
at com.elektronicare.pages.ServicesPage.getServicesCount(ServicesPage.java:330)
at com.elektronicare.pages.ServicesPage.areServicesDisplayed(ServicesPage.java:272)
at com.elektronicare.pages.ServicesPage.lambda$waitForServicesToLoad$0(ServicesPage.java:115)
at org.openqa.selenium.support.ui.FluentWait.until(FluentWait.java:203)
at com.elektronicare.pages.ServicesPage.waitForServicesToLoad(ServicesPage.java:112)
at com.elektronicare.pages.ServicesPage.getServicesCount(ServicesPage.java:330)
at com.elektronicare.pages.ServicesPage.areServicesDisplayed(ServicesPage.java:272)
at com.elektronicare.pages.ServicesPage.lambda$waitForServicesToLoad$0(ServicesPage.java:115)
at org.openqa.selenium.support.ui.FluentWait.until(FluentWait.java:203)
at com.elektronicare.pages.ServicesPage.waitForServicesToLoad(ServicesPage.java:112)
at com.elektronicare.pages.ServicesPage.getServicesCount(ServicesPage.java:330)
at com.elektronicare.pages.ServicesPage.areServicesDisplayed(ServicesPage.java:272)
at com.elektronicare.pages.ServicesPage.lambda$waitForServicesToLoad$0(ServicesPage.java:115)
at org.openqa.selenium.support.ui.FluentWait.until(FluentWait.java:203)
at com.elektronicare.pages.ServicesPage.waitForServicesToLoad(ServicesPage.java:112)
at com.elektronicare.pages.ServicesPage.getServicesCount(ServicesPage.java:330)
at com.elektronicare.pages.ServicesPage.areServicesDisplayed(ServicesPage.java:272)
at com.elektronicare.pages.ServicesPage.lambda$waitForServicesToLoad$0(ServicesPage.java:115)
at org.openqa.selenium.support.ui.FluentWait.until(FluentWait.java:203)
at com.elektronicare.pages.ServicesPage.waitForServicesToLoad(ServicesPage.java:112)
at com.elektronicare.pages.ServicesPage.getServicesCount(ServicesPage.java:330)
at com.elektronicare.pages.ServicesPage.areServicesDisplayed(ServicesPage.java:272)
at com.elektronicare.pages.ServicesPage.lambda$waitForServicesToLoad$0(ServicesPage.java:115)
at org.openqa.selenium.support.ui.FluentWait.until(FluentWait.java:203)
at com.elektronicare.pages.ServicesPage.waitForServicesToLoad(ServicesPage.java:112)
at com.elektronicare.pages.ServicesPage.getServicesCount(ServicesPage.java:330)
at com.elektronicare.pages.ServicesPage.areServicesDisplayed(ServicesPage.java:272)
at com.elektronicare.pages.ServicesPage.lambda$waitForServicesToLoad$0(ServicesPage.java:115)
at org.openqa.selenium.support.ui.FluentWait.until(FluentWait.java:203)
at com.elektronicare.pages.ServicesPage.waitForServicesToLoad(ServicesPage.java:112)
at com.elektronicare.pages.ServicesPage.getServicesCount(ServicesPage.java:330)
at com.elektronicare.pages.ServicesPage.areServicesDisplayed(ServicesPage.java:272)
at com.elektronicare.pages.ServicesPage.lambda$waitForServicesToLoad$0(ServicesPage.java:115)
at org.openqa.selenium.support.ui.FluentWait.until(FluentWait.java:203)
at com.elektronicare.pages.ServicesPage.waitForServicesToLoad(ServicesPage.java:112)
at com.elektronicare.pages.ServicesPage.getServicesCount(ServicesPage.java:330)
at com.elektronicare.pages.ServicesPage.areServicesDisplayed(ServicesPage.java:272)
at com.elektronicare.pages.ServicesPage.lambda$waitForServicesToLoad$0(ServicesPage.java:115)
at org.openqa.selenium.support.ui.FluentWait.until(FluentWait.java:203)
at com.elektronicare.pages.ServicesPage.waitForServicesToLoad(ServicesPage.java:112)
at com.elektronicare.pages.ServicesPage.getServicesCount(ServicesPage.java:330)
at com.elektronicare.pages.ServicesPage.areServicesDisplayed(ServicesPage.java:272)
at com.elektronicare.pages.ServicesPage.lambda$waitForServicesToLoad$0(ServicesPage.java:115)
at org.openqa.selenium.support.ui.FluentWait.until(FluentWait.java:203)
at com.elektronicare.pages.ServicesPage.waitForServicesToLoad(ServicesPage.java:112)
at com.elektronicare.pages.ServicesPage.getServicesCount(ServicesPage.java:330)
at com.elektronicare.pages.ServicesPage.areServicesDisplayed(ServicesPage.java:272)
at com.elektronicare.pages.ServicesPage.lambda$waitForServicesToLoad$0(ServicesPage.java:115)
at org.openqa.selenium.support.ui.FluentWait.until(FluentWait.java:203)
at com.elektronicare.pages.ServicesPage.waitForServicesToLoad(ServicesPage.java:112)
at com.elektronicare.pages.ServicesPage.getServicesCount(ServicesPage.java:330)
at com.elektronicare.pages.ServicesPage.areServicesDisplayed(ServicesPage.java:272)
at com.elektronicare.pages.ServicesPage.lambda$waitForServicesToLoad$0(ServicesPage.java:115)
at org.openqa.selenium.support.ui.FluentWait.until(FluentWait.java:203)
at com.elektronicare.pages.ServicesPage.waitForServicesToLoad(ServicesPage.java:112)
at com.elektronicare.pages.ServicesPage.getServicesCount(ServicesPage.java:330)
at com.elektronicare.pages.ServicesPage.areServicesDisplayed(ServicesPage.java:272)
at com.elektronicare.pages.ServicesPage.lambda$waitForServicesToLoad$0(ServicesPage.java:115)
at org.openqa.selenium.support.ui.FluentWait.until(FluentWait.java:203)
at com.elektronicare.pages.ServicesPage.waitForServicesToLoad(ServicesPage.java:112)
at com.elektronicare.pages.ServicesPage.getServicesCount(ServicesPage.java:330)
at com.elektronicare.pages.ServicesPage.areServicesDisplayed(ServicesPage.java:272)
at com.elektronicare.pages.ServicesPage.lambda$waitForServicesToLoad$0(ServicesPage.java:115)
at org.openqa.selenium.support.ui.FluentWait.until(FluentWait.java:203)
at com.elektronicare.pages.ServicesPage.waitForServicesToLoad(ServicesPage.java:112)
at com.elektronicare.pages.ServicesPage.getServicesCount(ServicesPage.java:330)
at com.elektronicare.pages.ServicesPage.areServicesDisplayed(ServicesPage.java:272)
at com.elektronicare.pages.ServicesPage.lambda$waitForServicesToLoad$0(ServicesPage.java:115)
at org.openqa.selenium.support.ui.FluentWait.until(FluentWait.java:203)
at com.elektronicare.pages.ServicesPage.waitForServicesToLoad(ServicesPage.java:112)
at com.elektronicare.pages.ServicesPage.getServicesCount(ServicesPage.java:330)
at com.elektronicare.pages.ServicesPage.areServicesDisplayed(ServicesPage.java:272)
at com.elektronicare.pages.ServicesPage.lambda$waitForServicesToLoad$0(ServicesPage.java:115)
at org.openqa.selenium.support.ui.FluentWait.until(FluentWait.java:203)
at com.elektronicare.pages.ServicesPage.waitForServicesToLoad(ServicesPage.java:112)
at com.elektronicare.pages.ServicesPage.getServicesCount(ServicesPage.java:330)
at com.elektronicare.pages.ServicesPage.areServicesDisplayed(ServicesPage.java:272)
at com.elektronicare.pages.ServicesPage.lambda$waitForServicesToLoad$0(ServicesPage.java:115)
at org.openqa.selenium.support.ui.FluentWait.until(FluentWait.java:203)
at com.elektronicare.pages.ServicesPage.waitForServicesToLoad(ServicesPage.java:112)
at com.elektronicare.pages.ServicesPage.getServicesCount(ServicesPage.java:330)
at com.elektronicare.pages.ServicesPage.areServicesDisplayed(ServicesPage.java:272)
at com.elektronicare.pages.ServicesPage.lambda$waitForServicesToLoad$0(ServicesPage.java:115)
at org.openqa.selenium.support.ui.FluentWait.until(FluentWait.java:203)
at com.elektronicare.pages.ServicesPage.waitForServicesToLoad(ServicesPage.java:112)
at com.elektronicare.pages.ServicesPage.getServicesCount(ServicesPage.java:330)
at com.elektronicare.pages.ServicesPage.areServicesDisplayed(ServicesPage.java:272)
at com.elektronicare.pages.ServicesPage.lambda$waitForServicesToLoad$0(ServicesPage.java:115)
at org.openqa.selenium.support.ui.FluentWait.until(FluentWait.java:203)
at com.elektronicare.pages.ServicesPage.waitForServicesToLoad(ServicesPage.java:112)
at com.elektronicare.pages.ServicesPage.getServicesCount(ServicesPage.java:330)
at com.elektronicare.pages.ServicesPage.areServicesDisplayed(ServicesPage.java:272)
at com.elektronicare.pages.ServicesPage.lambda$waitForServicesToLoad$0(ServicesPage.java:115)
at org.openqa.selenium.support.ui.FluentWait.until(FluentWait.java:203)
at com.elektronicare.pages.ServicesPage.waitForServicesToLoad(ServicesPage.java:112)
at com.elektronicare.pages.ServicesPage.getServicesCount(ServicesPage.java:330)
at com.elektronicare.pages.ServicesPage.areServicesDisplayed(ServicesPage.java:272)
at com.elektronicare.pages.ServicesPage.lambda$waitForServicesToLoad$0(ServicesPage.java:115)
at org.openqa.selenium.support.ui.FluentWait.until(FluentWait.java:203)
at com.elektronicare.pages.ServicesPage.waitForServicesToLoad(ServicesPage.java:112)
at com.elektronicare.pages.ServicesPage.getServicesCount(ServicesPage.java:330)
at com.elektronicare.pages.ServicesPage.areServicesDisplayed(ServicesPage.java:272)
at com.elektronicare.pages.ServicesPage.lambda$waitForServicesToLoad$0(ServicesPage.java:115)
at org.openqa.selenium.support.ui.FluentWait.until(FluentWait.java:203)
at com.elektronicare.pages.ServicesPage.waitForServicesToLoad(ServicesPage.java:112)
at com.elektronicare.pages.ServicesPage.getServicesCount(ServicesPage.java:330)
at com.elektronicare.pages.ServicesPage.areServicesDisplayed(ServicesPage.java:272)
at com.elektronicare.pages.ServicesPage.lambda$waitForServicesToLoad$0(ServicesPage.java:115)
at org.openqa.selenium.support.ui.FluentWait.until(FluentWait.java:203)
at com.elektronicare.pages.ServicesPage.waitForServicesToLoad(ServicesPage.java:112)
at com.elektronicare.pages.ServicesPage.getServicesCount(ServicesPage.java:330)
at com.elektronicare.pages.ServicesPage.areServicesDisplayed(ServicesPage.java:272)
at com.elektronicare.pages.ServicesPage.lambda$waitForServicesToLoad$0(ServicesPage.java:115)
at org.openqa.selenium.support.ui.FluentWait.until(FluentWait.java:203)
at com.elektronicare.pages.ServicesPage.waitForServicesToLoad(ServicesPage.java:112)
at com.elektronicare.pages.ServicesPage.getServicesCount(ServicesPage.java:330)
at com.elektronicare.pages.ServicesPage.areServicesDisplayed(ServicesPage.java:272)
at com.elektronicare.pages.ServicesPage.lambda$waitForServicesToLoad$0(ServicesPage.java:115)
at org.openqa.selenium.support.ui.FluentWait.until(FluentWait.java:203)
at com.elektronicare.pages.ServicesPage.waitForServicesToLoad(ServicesPage.java:112)
at com.elektronicare.pages.ServicesPage.getServicesCount(ServicesPage.java:330)
at com.elektronicare.pages.ServicesPage.areServicesDisplayed(ServicesPage.java:272)
at com.elektronicare.pages.ServicesPage.lambda$waitForServicesToLoad$0(ServicesPage.java:115)
at org.openqa.selenium.support.ui.FluentWait.until(FluentWait.java:203)
at com.elektronicare.pages.ServicesPage.waitForServicesToLoad(ServicesPage.java:112)
at com.elektronicare.pages.ServicesPage.getServicesCount(ServicesPage.java:330)
at com.elektronicare.pages.ServicesPage.areServicesDisplayed(ServicesPage.java:272)
at com.elektronicare.pages.ServicesPage.lambda$waitForServicesToLoad$0(ServicesPage.java:115)
at org.openqa.selenium.support.ui.FluentWait.until(FluentWait.java:203)
at com.elektronicare.pages.ServicesPage.waitForServicesToLoad(ServicesPage.java:112)
at com.elektronicare.pages.ServicesPage.getServicesCount(ServicesPage.java:330)
at com.elektronicare.pages.ServicesPage.areServicesDisplayed(ServicesPage.java:272)
at com.elektronicare.pages.ServicesPage.lambda$waitForServicesToLoad$0(ServicesPage.java:115)
at org.openqa.selenium.support.ui.FluentWait.until(FluentWait.java:203)
at com.elektronicare.pages.ServicesPage.waitForServicesToLoad(ServicesPage.java:112)
at com.elektronicare.pages.ServicesPage.getServicesCount(ServicesPage.java:330)
at com.elektronicare.pages.ServicesPage.areServicesDisplayed(ServicesPage.java:272)
at com.elektronicare.pages.ServicesPage.lambda$waitForServicesToLoad$0(ServicesPage.java:115)
at org.openqa.selenium.support.ui.FluentWait.until(FluentWait.java:203)
at com.elektronicare.pages.ServicesPage.waitForServicesToLoad(ServicesPage.java:112)
at com.elektronicare.pages.ServicesPage.getServicesCount(ServicesPage.java:330)
at com.elektronicare.pages.ServicesPage.areServicesDisplayed(ServicesPage.java:272)
at com.elektronicare.pages.ServicesPage.lambda$waitForServicesToLoad$0(ServicesPage.java:115)
at org.openqa.selenium.support.ui.FluentWait.until(FluentWait.java:203)
at com.elektronicare.pages.ServicesPage.waitForServicesToLoad(ServicesPage.java:112)
at com.elektronicare.pages.ServicesPage.getServicesCount(ServicesPage.java:330)
at com.elektronicare.pages.ServicesPage.areServicesDisplayed(ServicesPage.java:272)
at com.elektronicare.pages.ServicesPage.lambda$waitForServicesToLoad$0(ServicesPage.java:115)
at org.openqa.selenium.support.ui.FluentWait.until(FluentWait.java:203)
at com.elektronicare.pages.ServicesPage.waitForServicesToLoad(ServicesPage.java:112)
at com.elektronicare.pages.ServicesPage.getServicesCount(ServicesPage.java:330)
at com.elektronicare.pages.ServicesPage.areServicesDisplayed(ServicesPage.java:272)
at com.elektronicare.pages.ServicesPage.lambda$waitForServicesToLoad$0(ServicesPage.java:115)
at org.openqa.selenium.support.ui.FluentWait.until(FluentWait.java:203)
at com.elektronicare.pages.ServicesPage.waitForServicesToLoad(ServicesPage.java:112)
at com.elektronicare.pages.ServicesPage.getServicesCount(ServicesPage.java:330)
at com.elektronicare.pages.ServicesPage.areServicesDisplayed(ServicesPage.java:272)
at com.elektronicare.pages.ServicesPage.lambda$waitForServicesToLoad$0(ServicesPage.java:115)
at org.openqa.selenium.support.ui.FluentWait.until(FluentWait.java:203)
at com.elektronicare.pages.ServicesPage.waitForServicesToLoad(ServicesPage.java:112)
at com.elektronicare.pages.ServicesPage.getServicesCount(ServicesPage.java:330)
at com.elektronicare.pages.ServicesPage.areServicesDisplayed(ServicesPage.java:272)
at com.elektronicare.pages.ServicesPage.lambda$waitForServicesToLoad$0(ServicesPage.java:115)
at org.openqa.selenium.support.ui.FluentWait.until(FluentWait.java:203)
at com.elektronicare.pages.ServicesPage.waitForServicesToLoad(ServicesPage.java:112)
at com.elektronicare.pages.ServicesPage.getServicesCount(ServicesPage.java:330)
at com.elektronicare.pages.ServicesPage.areServicesDisplayed(ServicesPage.java:272)
at com.elektronicare.pages.ServicesPage.lambda$waitForServicesToLoad$0(ServicesPage.java:115)
at org.openqa.selenium.support.ui.FluentWait.until(FluentWait.java:203)
at com.elektronicare.pages.ServicesPage.waitForServicesToLoad(ServicesPage.java:112)
at com.elektronicare.pages.ServicesPage.getServicesCount(ServicesPage.java:330)
at com.elektronicare.pages.ServicesPage.areServicesDisplayed(ServicesPage.java:272)
at com.elektronicare.pages.ServicesPage.lambda$waitForServicesToLoad$0(ServicesPage.java:115)
at org.openqa.selenium.support.ui.FluentWait.until(FluentWait.java:203)
at com.elektronicare.pages.ServicesPage.waitForServicesToLoad(ServicesPage.java:112)
at com.elektronicare.pages.ServicesPage.getServicesCount(ServicesPage.java:330)
at com.elektronicare.pages.ServicesPage.areServicesDisplayed(ServicesPage.java:272)
at com.elektronicare.pages.ServicesPage.lambda$waitForServicesToLoad$0(ServicesPage.java:115)
at org.openqa.selenium.support.ui.FluentWait.until(FluentWait.java:203)
at com.elektronicare.pages.ServicesPage.waitForServicesToLoad(ServicesPage.java:112)
at com.elektronicare.pages.ServicesPage.getServicesCount(ServicesPage.java:330)
at com.elektronicare.pages.ServicesPage.areServicesDisplayed(ServicesPage.java:272)
at com.elektronicare.pages.ServicesPage.lambda$waitForServicesToLoad$0(ServicesPage.java:115)
at org.openqa.selenium.support.ui.FluentWait.until(FluentWait.java:203)
at com.elektronicare.pages.ServicesPage.waitForServicesToLoad(ServicesPage.java:112)
at com.elektronicare.pages.ServicesPage.getServicesCount(ServicesPage.java:330)
at com.elektronicare.pages.ServicesPage.areServicesDisplayed(ServicesPage.java:272)
at com.elektronicare.pages.ServicesPage.lambda$waitForServicesToLoad$0(ServicesPage.java:115)
at org.openqa.selenium.support.ui.FluentWait.until(FluentWait.java:203)
at com.elektronicare.pages.ServicesPage.waitForServicesToLoad(ServicesPage.java:112)
at com.elektronicare.pages.ServicesPage.getServicesCount(ServicesPage.java:330)
at com.elektronicare.pages.ServicesPage.areServicesDisplayed(ServicesPage.java:272)
at com.elektronicare.pages.ServicesPage.lambda$waitForServicesToLoad$0(ServicesPage.java:115)
at org.openqa.selenium.support.ui.FluentWait.until(FluentWait.java:203)
at com.elektronicare.pages.ServicesPage.waitForServicesToLoad(ServicesPage.java:112)
at com.elektronicare.pages.ServicesPage.getServicesCount(ServicesPage.java:330)
at com.elektronicare.pages.ServicesPage.areServicesDisplayed(ServicesPage.java:272)
at com.elektronicare.pages.ServicesPage.lambda$waitForServicesToLoad$0(ServicesPage.java:115)
at org.openqa.selenium.support.ui.FluentWait.until(FluentWait.java:203)
at com.elektronicare.pages.ServicesPage.waitForServicesToLoad(ServicesPage.java:112)
at com.elektronicare.pages.ServicesPage.getServicesCount(ServicesPage.java:330)
at com.elektronicare.pages.ServicesPage.areServicesDisplayed(ServicesPage.java:272)
at com.elektronicare.pages.ServicesPage.lambda$waitForServicesToLoad$0(ServicesPage.java:115)
at org.openqa.selenium.support.ui.FluentWait.until(FluentWait.java:203)
at com.elektronicare.pages.ServicesPage.waitForServicesToLoad(ServicesPage.java:112)
at com.elektronicare.pages.ServicesPage.getServicesCount(ServicesPage.java:330)
at com.elektronicare.pages.ServicesPage.areServicesDisplayed(ServicesPage.java:272)
at com.elektronicare.pages.ServicesPage.lambda$waitForServicesToLoad$0(ServicesPage.java:115)
at org.openqa.selenium.support.ui.FluentWait.until(FluentWait.java:203)
at com.elektronicare.pages.ServicesPage.waitForServicesToLoad(ServicesPage.java:112)
at com.elektronicare.pages.ServicesPage.getServicesCount(ServicesPage.java:330)
at com.elektronicare.pages.ServicesPage.areServicesDisplayed(ServicesPage.java:272)
at com.elektronicare.pages.ServicesPage.lambda$waitForServicesToLoad$0(ServicesPage.java:115)
at org.openqa.selenium.support.ui.FluentWait.until(FluentWait.java:203)
at com.elektronicare.pages.ServicesPage.waitForServicesToLoad(ServicesPage.java:112)
at com.elektronicare.pages.ServicesPage.getServicesCount(ServicesPage.java:330)
at com.elektronicare.pages.ServicesPage.areServicesDisplayed(ServicesPage.java:272)
at com.elektronicare.pages.ServicesPage.lambda$waitForServicesToLoad$0(ServicesPage.java:115)
at org.openqa.selenium.support.ui.FluentWait.until(FluentWait.java:203)
at com.elektronicare.pages.ServicesPage.waitForServicesToLoad(ServicesPage.java:112)
at com.elektronicare.pages.ServicesPage.getServicesCount(ServicesPage.java:330)
at com.elektronicare.pages.ServicesPage.areServicesDisplayed(ServicesPage.java:272)
at com.elektronicare.pages.ServicesPage.lambda$waitForServicesToLoad$0(ServicesPage.java:115)
at org.openqa.selenium.support.ui.FluentWait.until(FluentWait.java:203)
at com.elektronicare.pages.ServicesPage.waitForServicesToLoad(ServicesPage.java:112)
at com.elektronicare.pages.ServicesPage.getServicesCount(ServicesPage.java:330)
at com.elektronicare.pages.ServicesPage.areServicesDisplayed(ServicesPage.java:272)
at com.elektronicare.pages.ServicesPage.lambda$waitForServicesToLoad$0(ServicesPage.java:115)
at org.openqa.selenium.support.ui.FluentWait.until(FluentWait.java:203)
at com.elektronicare.pages.ServicesPage.waitForServicesToLoad(ServicesPage.java:112)
at com.elektronicare.pages.ServicesPage.getServicesCount(ServicesPage.java:330)
at com.elektronicare.pages.ServicesPage.areServicesDisplayed(ServicesPage.java:272)
at com.elektronicare.pages.ServicesPage.lambda$waitForServicesToLoad$0(ServicesPage.java:115)
at org.openqa.selenium.support.ui.FluentWait.until(FluentWait.java:203)
at com.elektronicare.pages.ServicesPage.waitForServicesToLoad(ServicesPage.java:112)
at com.elektronicare.pages.ServicesPage.getServicesCount(ServicesPage.java:330)
at com.elektronicare.pages.ServicesPage.areServicesDisplayed(ServicesPage.java:272)
at com.elektronicare.pages.ServicesPage.lambda$waitForServicesToLoad$0(ServicesPage.java:115)
at org.openqa.selenium.support.ui.FluentWait.until(FluentWait.java:203)
at com.elektronicare.pages.ServicesPage.waitForServicesToLoad(ServicesPage.java:112)
at com.elektronicare.pages.ServicesPage.getServicesCount(ServicesPage.java:330)
at com.elektronicare.pages.ServicesPage.areServicesDisplayed(ServicesPage.java:272)
at com.elektronicare.pages.ServicesPage.lambda$waitForServicesToLoad$0(ServicesPage.java:115)
at org.openqa.selenium.support.ui.FluentWait.until(FluentWait.java:203)
at com.elektronicare.pages.ServicesPage.waitForServicesToLoad(ServicesPage.java:112)
at com.elektronicare.pages.ServicesPage.getServicesCount(ServicesPage.java:330)
at com.elektronicare.pages.ServicesPage.areServicesDisplayed(ServicesPage.java:272)
at com.elektronicare.pages.ServicesPage.lambda$waitForServicesToLoad$0(ServicesPage.java:115)
at org.openqa.selenium.support.ui.FluentWait.until(FluentWait.java:203)
at com.elektronicare.pages.ServicesPage.waitForServicesToLoad(ServicesPage.java:112)
at com.elektronicare.pages.ServicesPage.getServicesCount(ServicesPage.java:330)
at com.elektronicare.pages.ServicesPage.areServicesDisplayed(ServicesPage.java:272)
at com.elektronicare.pages.ServicesPage.lambda$waitForServicesToLoad$0(ServicesPage.java:115)
at org.openqa.selenium.support.ui.FluentWait.until(FluentWait.java:203)
at com.elektronicare.pages.ServicesPage.waitForServicesToLoad(ServicesPage.java:112)
at com.elektronicare.pages.ServicesPage.getServicesCount(ServicesPage.java:330)
at com.elektronicare.pages.ServicesPage.areServicesDisplayed(ServicesPage.java:272)
at com.elektronicare.pages.ServicesPage.lambda$waitForServicesToLoad$0(ServicesPage.java:115)
at org.openqa.selenium.support.ui.FluentWait.until(FluentWait.java:203)
at com.elektronicare.pages.ServicesPage.waitForServicesToLoad(ServicesPage.java:112)
at com.elektronicare.pages.ServicesPage.getServicesCount(ServicesPage.java:330)
at com.elektronicare.pages.ServicesPage.areServicesDisplayed(ServicesPage.java:272)
at com.elektronicare.pages.ServicesPage.lambda$waitForServicesToLoad$0(ServicesPage.java:115)
at org.openqa.selenium.support.ui.FluentWait.until(FluentWait.java:203)
at com.elektronicare.pages.ServicesPage.waitForServicesToLoad(ServicesPage.java:112)
at com.elektronicare.pages.ServicesPage.getServicesCount(ServicesPage.java:330)
at com.elektronicare.pages.ServicesPage.areServicesDisplayed(ServicesPage.java:272)
at com.elektronicare.pages.ServicesPage.lambda$waitForServicesToLoad$0(ServicesPage.java:115)
at org.openqa.selenium.support.ui.FluentWait.until(FluentWait.java:203)
at com.elektronicare.pages.ServicesPage.waitForServicesToLoad(ServicesPage.java:112)
at com.elektronicare.pages.ServicesPage.getServicesCount(ServicesPage.java:330)
at com.elektronicare.pages.ServicesPage.areServicesDisplayed(ServicesPage.java:272)
at com.elektronicare.pages.ServicesPage.lambda$waitForServicesToLoad$0(ServicesPage.java:115)
at org.openqa.selenium.support.ui.FluentWait.until(FluentWait.java:203)
at com.elektronicare.pages.ServicesPage.waitForServicesToLoad(ServicesPage.java:112)
at com.elektronicare.pages.ServicesPage.getServicesCount(ServicesPage.java:330)
at com.elektronicare.pages.ServicesPage.areServicesDisplayed(ServicesPage.java:272)
at com.elektronicare.pages.ServicesPage.lambda$waitForServicesToLoad$0(ServicesPage.java:115)
at org.openqa.selenium.support.ui.FluentWait.until(FluentWait.java:203)
at com.elektronicare.pages.ServicesPage.waitForServicesToLoad(ServicesPage.java:112)
at com.elektronicare.pages.ServicesPage.getServicesCount(ServicesPage.java:330)
at com.elektronicare.pages.ServicesPage.areServicesDisplayed(ServicesPage.java:272)
at com.elektronicare.pages.ServicesPage.lambda$waitForServicesToLoad$0(ServicesPage.java:115)
at org.openqa.selenium.support.ui.FluentWait.until(FluentWait.java:203)
at com.elektronicare.pages.ServicesPage.waitForServicesToLoad(ServicesPage.java:112)
at com.elektronicare.pages.ServicesPage.getServicesCount(ServicesPage.java:330)
at com.elektronicare.pages.ServicesPage.areServicesDisplayed(ServicesPage.java:272)
at com.elektronicare.pages.ServicesPage.lambda$waitForServicesToLoad$0(ServicesPage.java:115)
at org.openqa.selenium.support.ui.FluentWait.until(FluentWait.java:203)
at com.elektronicare.pages.ServicesPage.waitForServicesToLoad(ServicesPage.java:112)
at com.elektronicare.pages.ServicesPage.getServicesCount(ServicesPage.java:330)
at com.elektronicare.pages.ServicesPage.areServicesDisplayed(ServicesPage.java:272)
at com.elektronicare.pages.ServicesPage.lambda$waitForServicesToLoad$0(ServicesPage.java:115)
at org.openqa.selenium.support.ui.FluentWait.until(FluentWait.java:203)
at com.elektronicare.pages.ServicesPage.waitForServicesToLoad(ServicesPage.java:112)
at com.elektronicare.pages.ServicesPage.getServicesCount(ServicesPage.java:330)
at com.elektronicare.pages.ServicesPage.areServicesDisplayed(ServicesPage.java:272)
at com.elektronicare.pages.ServicesPage.lambda$waitForServicesToLoad$0(ServicesPage.java:115)
at org.openqa.selenium.support.ui.FluentWait.until(FluentWait.java:203)
at com.elektronicare.pages.ServicesPage.waitForServicesToLoad(ServicesPage.java:112)
at com.elektronicare.pages.ServicesPage.getServicesCount(ServicesPage.java:330)
at com.elektronicare.pages.ServicesPage.areServicesDisplayed(ServicesPage.java:272)
at com.elektronicare.pages.ServicesPage.lambda$waitForServicesToLoad$0(ServicesPage.java:115)
at org.openqa.selenium.support.ui.FluentWait.until(FluentWait.java:203)
at com.elektronicare.pages.ServicesPage.waitForServicesToLoad(ServicesPage.java:112)
at com.elektronicare.pages.ServicesPage.getServicesCount(ServicesPage.java:330)
at com.elektronicare.pages.ServicesPage.areServicesDisplayed(ServicesPage.java:272)
at com.elektronicare.pages.ServicesPage.lambda$waitForServicesToLoad$0(ServicesPage.java:115)
at org.openqa.selenium.support.ui.FluentWait.until(FluentWait.java:203)
at com.elektronicare.pages.ServicesPage.waitForServicesToLoad(ServicesPage.java:112)
at com.elektronicare.pages.ServicesPage.getServicesCount(ServicesPage.java:330)
at com.elektronicare.pages.ServicesPage.areServicesDisplayed(ServicesPage.java:272)
at com.elektronicare.pages.ServicesPage.lambda$waitForServicesToLoad$0(ServicesPage.java:115)
at org.openqa.selenium.support.ui.FluentWait.until(FluentWait.java:203)
at com.elektronicare.pages.ServicesPage.waitForServicesToLoad(ServicesPage.java:112)
at com.elektronicare.pages.ServicesPage.getServicesCount(ServicesPage.java:330)
at com.elektronicare.pages.ServicesPage.areServicesDisplayed(ServicesPage.java:272)
at com.elektronicare.pages.ServicesPage.lambda$waitForServicesToLoad$0(ServicesPage.java:115)
at org.openqa.selenium.support.ui.FluentWait.until(FluentWait.java:203)
at com.elektronicare.pages.ServicesPage.waitForServicesToLoad(ServicesPage.java:112)
at com.elektronicare.pages.ServicesPage.getServicesCount(ServicesPage.java:330)
at com.elektronicare.pages.ServicesPage.areServicesDisplayed(ServicesPage.java:272)
at com.elektronicare.pages.ServicesPage.lambda$waitForServicesToLoad$0(ServicesPage.java:115)
at org.openqa.selenium.support.ui.FluentWait.until(FluentWait.java:203)
at com.elektronicare.pages.ServicesPage.waitForServicesToLoad(ServicesPage.java:112)
at com.elektronicare.pages.ServicesPage.getServicesCount(ServicesPage.java:330)
at com.elektronicare.pages.ServicesPage.areServicesDisplayed(ServicesPage.java:272)
at com.elektronicare.pages.ServicesPage.lambda$waitForServicesToLoad$0(ServicesPage.java:115)
at org.openqa.selenium.support.ui.FluentWait.until(FluentWait.java:203)
at com.elektronicare.pages.ServicesPage.waitForServicesToLoad(ServicesPage.java:112)
at com.elektronicare.pages.ServicesPage.getServicesCount(ServicesPage.java:330)
at com.elektronicare.pages.ServicesPage.areServicesDisplayed(ServicesPage.java:272)
at com.elektronicare.pages.ServicesPage.lambda$waitForServicesToLoad$0(ServicesPage.java:115)
at org.openqa.selenium.support.ui.FluentWait.until(FluentWait.java:203)
at com.elektronicare.pages.ServicesPage.waitForServicesToLoad(ServicesPage.java:112)
at com.elektronicare.pages.ServicesPage.getServicesCount(ServicesPage.java:330)
at com.elektronicare.pages.ServicesPage.areServicesDisplayed(ServicesPage.java:272)
at com.elektronicare.pages.ServicesPage.lambda$waitForServicesToLoad$0(ServicesPage.java:115)
at org.openqa.selenium.support.ui.FluentWait.until(FluentWait.java:203)
at com.elektronicare.pages.ServicesPage.waitForServicesToLoad(ServicesPage.java:112)
at com.elektronicare.pages.ServicesPage.getServicesCount(ServicesPage.java:330)
at com.elektronicare.pages.ServicesPage.areServicesDisplayed(ServicesPage.java:272)
at com.elektronicare.pages.ServicesPage.lambda$waitForServicesToLoad$0(ServicesPage.java:115)
at org.openqa.selenium.support.ui.FluentWait.until(FluentWait.java:203)
at com.elektronicare.pages.ServicesPage.waitForServicesToLoad(ServicesPage.java:112)
at com.elektronicare.pages.ServicesPage.getServicesCount(ServicesPage.java:330)
at com.elektronicare.pages.ServicesPage.areServicesDisplayed(ServicesPage.java:272)
at com.elektronicare.pages.ServicesPage.lambda$waitForServicesToLoad$0(ServicesPage.java:115)
at org.openqa.selenium.support.ui.FluentWait.until(FluentWait.java:203)
at com.elektronicare.pages.ServicesPage.waitForServicesToLoad(ServicesPage.java:112)
at com.elektronicare.pages.ServicesPage.getServicesCount(ServicesPage.java:330)
at com.elektronicare.pages.ServicesPage.areServicesDisplayed(ServicesPage.java:272)
at com.elektronicare.pages.ServicesPage.lambda$waitForServicesToLoad$0(ServicesPage.java:115)
at org.openqa.selenium.support.ui.FluentWait.until(FluentWait.java:203)
at com.elektronicare.pages.ServicesPage.waitForServicesToLoad(ServicesPage.java:112)
at com.elektronicare.pages.ServicesPage.getServicesCount(ServicesPage.java:330)
at com.elektronicare.pages.ServicesPage.areServicesDisplayed(ServicesPage.java:272)
at com.elektronicare.pages.ServicesPage.lambda$waitForServicesToLoad$0(ServicesPage.java:115)
at org.openqa.selenium.support.ui.FluentWait.until(FluentWait.java:203)
at com.elektronicare.pages.ServicesPage.waitForServicesToLoad(ServicesPage.java:112)
at com.elektronicare.pages.ServicesPage.getServicesCount(ServicesPage.java:330)
at com.elektronicare.pages.ServicesPage.areServicesDisplayed(ServicesPage.java:272)
at com.elektronicare.pages.ServicesPage.lambda$waitForServicesToLoad$0(ServicesPage.java:115)
at org.openqa.selenium.support.ui.FluentWait.until(FluentWait.java:203)
at com.elektronicare.pages.ServicesPage.waitForServicesToLoad(ServicesPage.java:112)
at com.elektronicare.pages.ServicesPage.getServicesCount(ServicesPage.java:330)
at com.elektronicare.pages.ServicesPage.areServicesDisplayed(ServicesPage.java:272)
at com.elektronicare.pages.ServicesPage.lambda$waitForServicesToLoad$0(ServicesPage.java:115)
at org.openqa.selenium.support.ui.FluentWait.until(FluentWait.java:203)
at com.elektronicare.pages.ServicesPage.waitForServicesToLoad(ServicesPage.java:112)
at com.elektronicare.pages.ServicesPage.getServicesCount(ServicesPage.java:330)
at com.elektronicare.pages.ServicesPage.areServicesDisplayed(ServicesPage.java:272)
at com.elektronicare.pages.ServicesPage.lambda$waitForServicesToLoad$0(ServicesPage.java:115)
at org.openqa.selenium.support.ui.FluentWait.until(FluentWait.java:203)
at com.elektronicare.pages.ServicesPage.waitForServicesToLoad(ServicesPage.java:112)
at com.elektronicare.pages.ServicesPage.getServicesCount(ServicesPage.java:330)
at com.elektronicare.pages.ServicesPage.areServicesDisplayed(ServicesPage.java:272)
at com.elektronicare.pages.ServicesPage.lambda$waitForServicesToLoad$0(ServicesPage.java:115)
at org.openqa.selenium.support.ui.FluentWait.until(FluentWait.java:203)
at com.elektronicare.pages.ServicesPage.waitForServicesToLoad(ServicesPage.java:112)
at com.elektronicare.pages.ServicesPage.getServicesCount(ServicesPage.java:330)
at com.elektronicare.pages.ServicesPage.areServicesDisplayed(ServicesPage.java:272)
at com.elektronicare.pages.ServicesPage.lambda$waitForServicesToLoad$0(ServicesPage.java:115)
at org.openqa.selenium.support.ui.FluentWait.until(FluentWait.java:203)
at com.elektronicare.pages.ServicesPage.waitForServicesToLoad(ServicesPage.java:112)
at com.elektronicare.pages.ServicesPage.getServicesCount(ServicesPage.java:330)
at com.elektronicare.pages.ServicesPage.areServicesDisplayed(ServicesPage.java:272)
at com.elektronicare.pages.ServicesPage.lambda$waitForServicesToLoad$0(ServicesPage.java:115)
at org.openqa.selenium.support.ui.FluentWait.until(FluentWait.java:203)
at com.elektronicare.pages.ServicesPage.waitForServicesToLoad(ServicesPage.java:112)
at com.elektronicare.pages.ServicesPage.getServicesCount(ServicesPage.java:330)
at com.elektronicare.pages.ServicesPage.areServicesDisplayed(ServicesPage.java:272)
at com.elektronicare.pages.ServicesPage.lambda$waitForServicesToLoad$0(ServicesPage.java:115)
at org.openqa.selenium.support.ui.FluentWait.until(FluentWait.java:203)
at com.elektronicare.pages.ServicesPage.waitForServicesToLoad(ServicesPage.java:112)
at com.elektronicare.pages.ServicesPage.getServicesCount(ServicesPage.java:330)
at com.elektronicare.pages.ServicesPage.areServicesDisplayed(ServicesPage.java:272)
at com.elektronicare.pages.ServicesPage.lambda$waitForServicesToLoad$0(ServicesPage.java:115)
at org.openqa.selenium.support.ui.FluentWait.until(FluentWait.java:203)
at com.elektronicare.pages.ServicesPage.waitForServicesToLoad(ServicesPage.java:112)
at com.elektronicare.pages.ServicesPage.getServicesCount(ServicesPage.java:330)
at com.elektronicare.pages.ServicesPage.areServicesDisplayed(ServicesPage.java:272)
at com.elektronicare.pages.ServicesPage.lambda$waitForServicesToLoad$0(ServicesPage.java:115)
at org.openqa.selenium.support.ui.FluentWait.until(FluentWait.java:203)
at com.elektronicare.pages.ServicesPage.waitForServicesToLoad(ServicesPage.java:112)
at com.elektronicare.pages.ServicesPage.getServicesCount(ServicesPage.java:330)
at com.elektronicare.pages.ServicesPage.areServicesDisplayed(ServicesPage.java:272)
at com.elektronicare.pages.ServicesPage.lambda$waitForServicesToLoad$0(ServicesPage.java:115)
at org.openqa.selenium.support.ui.FluentWait.until(FluentWait.java:203)
at com.elektronicare.pages.ServicesPage.waitForServicesToLoad(ServicesPage.java:112)
at com.elektronicare.pages.ServicesPage.getServicesCount(ServicesPage.java:330)
at com.elektronicare.pages.ServicesPage.areServicesDisplayed(ServicesPage.java:272)
at com.elektronicare.pages.ServicesPage.lambda$waitForServicesToLoad$0(ServicesPage.java:115)
at org.openqa.selenium.support.ui.FluentWait.until(FluentWait.java:203)
at com.elektronicare.pages.ServicesPage.waitForServicesToLoad(ServicesPage.java:112)
at com.elektronicare.pages.ServicesPage.getServicesCount(ServicesPage.java:330)
at com.elektronicare.pages.ServicesPage.areServicesDisplayed(ServicesPage.java:272)
at com.elektronicare.pages.ServicesPage.lambda$waitForServicesToLoad$0(ServicesPage.java:115)
at org.openqa.selenium.support.ui.FluentWait.until(FluentWait.java:203)
at com.elektronicare.pages.ServicesPage.waitForServicesToLoad(ServicesPage.java:112)
at com.elektronicare.pages.ServicesPage.getServicesCount(ServicesPage.java:330)
at com.elektronicare.pages.ServicesPage.areServicesDisplayed(ServicesPage.java:272)
at com.elektronicare.pages.ServicesPage.lambda$waitForServicesToLoad$0(ServicesPage.java:115)
at org.openqa.selenium.support.ui.FluentWait.until(FluentWait.java:203)
at com.elektronicare.pages.ServicesPage.waitForServicesToLoad(ServicesPage.java:112)
at com.elektronicare.pages.ServicesPage.getServicesCount(ServicesPage.java:330)
at com.elektronicare.pages.ServicesPage.areServicesDisplayed(ServicesPage.java:272)
at com.elektronicare.pages.ServicesPage.lambda$waitForServicesToLoad$0(ServicesPage.java:115)
at org.openqa.selenium.support.ui.FluentWait.until(FluentWait.java:203)
at com.elektronicare.pages.ServicesPage.waitForServicesToLoad(ServicesPage.java:112)
at com.elektronicare.pages.ServicesPage.getServicesCount(ServicesPage.java:330)
at com.elektronicare.pages.ServicesPage.areServicesDisplayed(ServicesPage.java:272)
at com.elektronicare.pages.ServicesPage.lambda$waitForServicesToLoad$0(ServicesPage.java:115)
at org.openqa.selenium.support.ui.FluentWait.until(FluentWait.java:203)
at com.elektronicare.pages.ServicesPage.waitForServicesToLoad(ServicesPage.java:112)
at com.elektronicare.pages.ServicesPage.getServicesCount(ServicesPage.java:330)
at com.elektronicare.pages.ServicesPage.areServicesDisplayed(ServicesPage.java:272)
at com.elektronicare.pages.ServicesPage.lambda$waitForServicesToLoad$0(ServicesPage.java:115)
at org.openqa.selenium.support.ui.FluentWait.until(FluentWait.java:203)
at com.elektronicare.pages.ServicesPage.waitForServicesToLoad(ServicesPage.java:112)
at com.elektronicare.pages.ServicesPage.getServicesCount(ServicesPage.java:330)
at com.elektronicare.pages.ServicesPage.areServicesDisplayed(ServicesPage.java:272)
at com.elektronicare.pages.ServicesPage.lambda$waitForServicesToLoad$0(ServicesPage.java:115)
at org.openqa.selenium.support.ui.FluentWait.until(FluentWait.java:203)
at com.elektronicare.pages.ServicesPage.waitForServicesToLoad(ServicesPage.java:112)
at com.elektronicare.pages.ServicesPage.getServicesCount(ServicesPage.java:330)
at com.elektronicare.pages.ServicesPage.areServicesDisplayed(ServicesPage.java:272)
at com.elektronicare.pages.ServicesPage.lambda$waitForServicesToLoad$0(ServicesPage.java:115)
at org.openqa.selenium.support.ui.FluentWait.until(FluentWait.java:203)
at com.elektronicare.pages.ServicesPage.waitForServicesToLoad(ServicesPage.java:112)
at com.elektronicare.pages.ServicesPage.getServicesCount(ServicesPage.java:330)
at com.elektronicare.pages.ServicesPage.areServicesDisplayed(ServicesPage.java:272)
at com.elektronicare.pages.ServicesPage.lambda$waitForServicesToLoad$0(ServicesPage.java:115)
at org.openqa.selenium.support.ui.FluentWait.until(FluentWait.java:203)
at com.elektronicare.pages.ServicesPage.waitForServicesToLoad(ServicesPage.java:112)
at com.elektronicare.pages.ServicesPage.getServicesCount(ServicesPage.java:330)
at com.elektronicare.pages.ServicesPage.areServicesDisplayed(ServicesPage.java:272)
at com.elektronicare.pages.ServicesPage.lambda$waitForServicesToLoad$0(ServicesPage.java:115)
at org.openqa.selenium.support.ui.FluentWait.until(FluentWait.java:203)
at com.elektronicare.pages.ServicesPage.waitForServicesToLoad(ServicesPage.java:112)
at com.elektronicare.pages.ServicesPage.getServicesCount(ServicesPage.java:330)
at com.elektronicare.pages.ServicesPage.areServicesDisplayed(ServicesPage.java:272)
at com.elektronicare.pages.ServicesPage.lambda$waitForServicesToLoad$0(ServicesPage.java:115)
at org.openqa.selenium.support.ui.FluentWait.until(FluentWait.java:203)
at com.elektronicare.pages.ServicesPage.waitForServicesToLoad(ServicesPage.java:112)
at com.elektronicare.pages.ServicesPage.getServicesCount(ServicesPage.java:330)
at com.elektronicare.pages.ServicesPage.areServicesDisplayed(ServicesPage.java:272)
at com.elektronicare.pages.ServicesPage.lambda$waitForServicesToLoad$0(ServicesPage.java:115)
at org.openqa.selenium.support.ui.FluentWait.until(FluentWait.java:203)
at com.elektronicare.pages.ServicesPage.waitForServicesToLoad(ServicesPage.java:112)
at com.elektronicare.pages.ServicesPage.getServicesCount(ServicesPage.java:330)
at com.elektronicare.pages.ServicesPage.areServicesDisplayed(ServicesPage.java:272)
at com.elektronicare.pages.ServicesPage.lambda$waitForServicesToLoad$0(ServicesPage.java:115)
at org.openqa.selenium.support.ui.FluentWait.until(FluentWait.java:203)
at com.elektronicare.pages.ServicesPage.waitForServicesToLoad(ServicesPage.java:112)
at com.elektronicare.pages.ServicesPage.getServicesCount(ServicesPage.java:330)
at com.elektronicare.pages.ServicesPage.areServicesDisplayed(ServicesPage.java:272)
at com.elektronicare.pages.ServicesPage.lambda$waitForServicesToLoad$0(ServicesPage.java:115)
at org.openqa.selenium.support.ui.FluentWait.until(FluentWait.java:203)
at com.elektronicare.pages.ServicesPage.waitForServicesToLoad(ServicesPage.java:112)
at com.elektronicare.pages.ServicesPage.getServicesCount(ServicesPage.java:330)
at com.elektronicare.pages.ServicesPage.areServicesDisplayed(ServicesPage.java:272)
at com.elektronicare.pages.ServicesPage.lambda$waitForServicesToLoad$0(ServicesPage.java:115)
at org.openqa.selenium.support.ui.FluentWait.until(FluentWait.java:203)
at com.elektronicare.pages.ServicesPage.waitForServicesToLoad(ServicesPage.java:112)
at com.elektronicare.pages.ServicesPage.getServicesCount(ServicesPage.java:330)
at com.elektronicare.pages.ServicesPage.areServicesDisplayed(ServicesPage.java:272)
at com.elektronicare.pages.ServicesPage.lambda$waitForServicesToLoad$0(ServicesPage.java:115)
at org.openqa.selenium.support.ui.FluentWait.until(FluentWait.java:203)
at com.elektronicare.pages.ServicesPage.waitForServicesToLoad(ServicesPage.java:112)
at com.elektronicare.pages.ServicesPage.getServicesCount(ServicesPage.java:330)
at com.elektronicare.pages.ServicesPage.areServicesDisplayed(ServicesPage.java:272)
at com.elektronicare.pages.ServicesPage.lambda$waitForServicesToLoad$0(ServicesPage.java:115)
at org.openqa.selenium.support.ui.FluentWait.until(FluentWait.java:203)
at com.elektronicare.pages.ServicesPage.waitForServicesToLoad(ServicesPage.java:112)
at com.elektronicare.pages.ServicesPage.getServicesCount(ServicesPage.java:330)
at com.elektronicare.pages.ServicesPage.areServicesDisplayed(ServicesPage.java:272)
at com.elektronicare.pages.ServicesPage.lambda$waitForServicesToLoad$0(ServicesPage.java:115)
at org.openqa.selenium.support.ui.FluentWait.until(FluentWait.java:203)
at com.elektronicare.pages.ServicesPage.waitForServicesToLoad(ServicesPage.java:112)
at com.elektronicare.pages.ServicesPage.getServicesCount(ServicesPage.java:330)
at com.elektronicare.pages.ServicesPage.areServicesDisplayed(ServicesPage.java:272)
at com.elektronicare.pages.ServicesPage.lambda$waitForServicesToLoad$0(ServicesPage.java:115)
at org.openqa.selenium.support.ui.FluentWait.until(FluentWait.java:203)
at com.elektronicare.pages.ServicesPage.waitForServicesToLoad(ServicesPage.java:112)
at com.elektronicare.pages.ServicesPage.getServicesCount(ServicesPage.java:330)
at com.elektronicare.pages.ServicesPage.areServicesDisplayed(ServicesPage.java:272)
at com.elektronicare.pages.ServicesPage.lambda$waitForServicesToLoad$0(ServicesPage.java:115)
at org.openqa.selenium.support.ui.FluentWait.until(FluentWait.java:203)
at com.elektronicare.pages.ServicesPage.waitForServicesToLoad(ServicesPage.java:112)
at com.elektronicare.pages.ServicesPage.getServicesCount(ServicesPage.java:330)
at com.elektronicare.pages.ServicesPage.areServicesDisplayed(ServicesPage.java:272)
at com.elektronicare.pages.ServicesPage.lambda$waitForServicesToLoad$0(ServicesPage.java:115)
at org.openqa.selenium.support.ui.FluentWait.until(FluentWait.java:203)
at com.elektronicare.pages.ServicesPage.waitForServicesToLoad(ServicesPage.java:112)
at com.elektronicare.pages.ServicesPage.getServicesCount(ServicesPage.java:330)
at com.elektronicare.pages.ServicesPage.areServicesDisplayed(ServicesPage.java:272)
at com.elektronicare.pages.ServicesPage.lambda$waitForServicesToLoad$0(ServicesPage.java:115)
at org.openqa.selenium.support.ui.FluentWait.until(FluentWait.java:203)
at com.elektronicare.pages.ServicesPage.waitForServicesToLoad(ServicesPage.java:112)
at com.elektronicare.pages.ServicesPage.getServicesCount(ServicesPage.java:330)
at com.elektronicare.pages.ServicesPage.areServicesDisplayed(ServicesPage.java:272)
at com.elektronicare.pages.ServicesPage.lambda$waitForServicesToLoad$0(ServicesPage.java:115)
at org.openqa.selenium.support.ui.FluentWait.until(FluentWait.java:203)
at com.elektronicare.pages.ServicesPage.waitForServicesToLoad(ServicesPage.java:112)
at com.elektronicare.pages.ServicesPage.getServicesCount(ServicesPage.java:330)
at com.elektronicare.pages.ServicesPage.areServicesDisplayed(ServicesPage.java:272)
at com.elektronicare.pages.ServicesPage.lambda$waitForServicesToLoad$0(ServicesPage.java:115)
at org.openqa.selenium.support.ui.FluentWait.until(FluentWait.java:203)
at com.elektronicare.pages.ServicesPage.waitForServicesToLoad(ServicesPage.java:112)
at com.elektronicare.pages.ServicesPage.getServicesCount(ServicesPage.java:330)
at com.elektronicare.pages.ServicesPage.areServicesDisplayed(ServicesPage.java:272)
at com.elektronicare.pages.ServicesPage.lambda$waitForServicesToLoad$0(ServicesPage.java:115)
at org.openqa.selenium.support.ui.FluentWait.until(FluentWait.java:203)
at com.elektronicare.pages.ServicesPage.waitForServicesToLoad(ServicesPage.java:112)
at com.elektronicare.pages.ServicesPage.getServicesCount(ServicesPage.java:330)
at com.elektronicare.pages.ServicesPage.areServicesDisplayed(ServicesPage.java:272)
at com.elektronicare.pages.ServicesPage.lambda$waitForServicesToLoad$0(ServicesPage.java:115)
at org.openqa.selenium.support.ui.FluentWait.until(FluentWait.java:203)
at com.elektronicare.pages.ServicesPage.waitForServicesToLoad(ServicesPage.java:112)
at com.elektronicare.pages.ServicesPage.getServicesCount(ServicesPage.java:330)
at com.elektronicare.pages.ServicesPage.areServicesDisplayed(ServicesPage.java:272)
at com.elektronicare.pages.ServicesPage.lambda$waitForServicesToLoad$0(ServicesPage.java:115)
at org.openqa.selenium.support.ui.FluentWait.until(FluentWait.java:203)
at com.elektronicare.pages.ServicesPage.waitForServicesToLoad(ServicesPage.java:112)
at com.elektronicare.pages.ServicesPage.getServicesCount(ServicesPage.java:330)
at com.elektronicare.pages.ServicesPage.areServicesDisplayed(ServicesPage.java:272)
at com.elektronicare.pages.ServicesPage.lambda$waitForServicesToLoad$0(ServicesPage.java:115)
at org.openqa.selenium.support.ui.FluentWait.until(FluentWait.java:203)
at com.elektronicare.pages.ServicesPage.waitForServicesToLoad(ServicesPage.java:112)
at com.elektronicare.pages.ServicesPage.getServicesCount(ServicesPage.java:330)
at com.elektronicare.pages.ServicesPage.areServicesDisplayed(ServicesPage.java:272)
at com.elektronicare.pages.ServicesPage.lambda$waitForServicesToLoad$0(ServicesPage.java:115)
at org.openqa.selenium.support.ui.FluentWait.until(FluentWait.java:203)
at com.elektronicare.pages.ServicesPage.waitForServicesToLoad(ServicesPage.java:112)
at com.elektronicare.pages.ServicesPage.getServicesCount(ServicesPage.java:330)
at com.elektronicare.pages.ServicesPage.areServicesDisplayed(ServicesPage.java:272)
at com.elektronicare.pages.ServicesPage.lambda$waitForServicesToLoad$0(ServicesPage.java:115)
at org.openqa.selenium.support.ui.FluentWait.until(FluentWait.java:203)
at com.elektronicare.pages.ServicesPage.waitForServicesToLoad(ServicesPage.java:112)
at com.elektronicare.pages.ServicesPage.getServicesCount(ServicesPage.java:330)
at com.elektronicare.pages.ServicesPage.areServicesDisplayed(ServicesPage.java:272)
at com.elektronicare.pages.ServicesPage.lambda$waitForServicesToLoad$0(ServicesPage.java:115)
at org.openqa.selenium.support.ui.FluentWait.until(FluentWait.java:203)
at com.elektronicare.pages.ServicesPage.waitForServicesToLoad(ServicesPage.java:112)
at com.elektronicare.pages.ServicesPage.getServicesCount(ServicesPage.java:330)
at com.elektronicare.pages.ServicesPage.areServicesDisplayed(ServicesPage.java:272)
at com.elektronicare.pages.ServicesPage.lambda$waitForServicesToLoad$0(ServicesPage.java:115)
at org.openqa.selenium.support.ui.FluentWait.until(FluentWait.java:203)
at com.elektronicare.pages.ServicesPage.waitForServicesToLoad(ServicesPage.java:112)
at com.elektronicare.pages.ServicesPage.getServicesCount(ServicesPage.java:330)
at com.elektronicare.pages.ServicesPage.areServicesDisplayed(ServicesPage.java:272)
at com.elektronicare.pages.ServicesPage.lambda$waitForServicesToLoad$0(ServicesPage.java:115)
at org.openqa.selenium.support.ui.FluentWait.until(FluentWait.java:203)
at com.elektronicare.pages.ServicesPage.waitForServicesToLoad(ServicesPage.java:112)
at com.elektronicare.pages.ServicesPage.getServicesCount(ServicesPage.java:330)
at com.elektronicare.pages.ServicesPage.areServicesDisplayed(ServicesPage.java:272)
at com.elektronicare.pages.ServicesPage.lambda$waitForServicesToLoad$0(ServicesPage.java:115)
at org.openqa.selenium.support.ui.FluentWait.until(FluentWait.java:203)
at com.elektronicare.pages.ServicesPage.waitForServicesToLoad(ServicesPage.java:112)
at com.elektronicare.pages.ServicesPage.getServicesCount(ServicesPage.java:330)
at com.elektronicare.pages.ServicesPage.areServicesDisplayed(ServicesPage.java:272)
at com.elektronicare.pages.ServicesPage.lambda$waitForServicesToLoad$0(ServicesPage.java:115)
at org.openqa.selenium.support.ui.FluentWait.until(FluentWait.java:203)
at com.elektronicare.pages.ServicesPage.waitForServicesToLoad(ServicesPage.java:112)
at com.elektronicare.pages.ServicesPage.getServicesCount(ServicesPage.java:330)
at com.elektronicare.pages.ServicesPage.areServicesDisplayed(ServicesPage.java:272)
at com.elektronicare.pages.ServicesPage.lambda$waitForServicesToLoad$0(ServicesPage.java:115)
at org.openqa.selenium.support.ui.FluentWait.until(FluentWait.java:203)
at com.elektronicare.pages.ServicesPage.waitForServicesToLoad(ServicesPage.java:112)
at com.elektronicare.pages.ServicesPage.getServicesCount(ServicesPage.java:330)
at com.elektronicare.pages.ServicesPage.areServicesDisplayed(ServicesPage.java:272)
at com.elektronicare.pages.ServicesPage.lambda$waitForServicesToLoad$0(ServicesPage.java:115)
at org.openqa.selenium.support.ui.FluentWait.until(FluentWait.java:203)
at com.elektronicare.pages.ServicesPage.waitForServicesToLoad(ServicesPage.java:112)
at com.elektronicare.pages.ServicesPage.getServicesCount(ServicesPage.java:330)
at com.elektronicare.pages.ServicesPage.areServicesDisplayed(ServicesPage.java:272)
at com.elektronicare.pages.ServicesPage.lambda$waitForServicesToLoad$0(ServicesPage.java:115)
at org.openqa.selenium.support.ui.FluentWait.until(FluentWait.java:203)
at com.elektronicare.pages.ServicesPage.waitForServicesToLoad(ServicesPage.java:112)
at com.elektronicare.pages.ServicesPage.getServicesCount(ServicesPage.java:330)
at com.elektronicare.pages.ServicesPage.areServicesDisplayed(ServicesPage.java:272)
at com.elektronicare.pages.ServicesPage.lambda$waitForServicesToLoad$0(ServicesPage.java:115)
at org.openqa.selenium.support.ui.FluentWait.until(FluentWait.java:203)
at com.elektronicare.pages.ServicesPage.waitForServicesToLoad(ServicesPage.java:112)
at com.elektronicare.pages.ServicesPage.getServicesCount(ServicesPage.java:330)
at com.elektronicare.pages.ServicesPage.areServicesDisplayed(ServicesPage.java:272)
at com.elektronicare.pages.ServicesPage.lambda$waitForServicesToLoad$0(ServicesPage.java:115)
at org.openqa.selenium.support.ui.FluentWait.until(FluentWait.java:203)
at com.elektronicare.pages.ServicesPage.waitForServicesToLoad(ServicesPage.java:112)
at com.elektronicare.pages.ServicesPage.getServicesCount(ServicesPage.java:330)
at com.elektronicare.pages.ServicesPage.areServicesDisplayed(ServicesPage.java:272)
at com.elektronicare.pages.ServicesPage.lambda$waitForServicesToLoad$0(ServicesPage.java:115)
at org.openqa.selenium.support.ui.FluentWait.until(FluentWait.java:203)
at com.elektronicare.pages.ServicesPage.waitForServicesToLoad(ServicesPage.java:112)
at com.elektronicare.pages.ServicesPage.getServicesCount(ServicesPage.java:330)
at com.elektronicare.pages.ServicesPage.areServicesDisplayed(ServicesPage.java:272)
at com.elektronicare.pages.ServicesPage.lambda$waitForServicesToLoad$0(ServicesPage.java:115)
at org.openqa.selenium.support.ui.FluentWait.until(FluentWait.java:203)
at com.elektronicare.pages.ServicesPage.waitForServicesToLoad(ServicesPage.java:112)
]]>
    </error>
  </testcase> <!-- testServicesPageDisplay -->
  <testcase classname="com.elektronicare.tests.ServicesTest" name="testServicesLoading" time="25.793">
    <failure message="Either services should be displayed or no services message should be shown expected [true] but found [false]" type="java.lang.AssertionError">
      <![CDATA[java.lang.AssertionError: Either services should be displayed or no services message should be shown expected [true] but found [false]
at org.testng.Assert.fail(Assert.java:111)
at org.testng.Assert.failNotEquals(Assert.java:1578)
at org.testng.Assert.assertTrue(Assert.java:57)
at com.elektronicare.tests.ServicesTest.testServicesLoading(ServicesTest.java:57)
at java.base/jdk.internal.reflect.NativeMethodAccessorImpl.invoke0(Native Method)
at java.base/jdk.internal.reflect.NativeMethodAccessorImpl.invoke(NativeMethodAccessorImpl.java:77)
at java.base/jdk.internal.reflect.DelegatingMethodAccessorImpl.invoke(DelegatingMethodAccessorImpl.java:43)
at java.base/java.lang.reflect.Method.invoke(Method.java:569)
at org.testng.internal.invokers.MethodInvocationHelper.invokeMethod(MethodInvocationHelper.java:141)
at org.testng.internal.invokers.TestInvoker.invokeMethod(TestInvoker.java:686)
at org.testng.internal.invokers.TestInvoker.invokeTestMethod(TestInvoker.java:230)
at org.testng.internal.invokers.MethodRunner.runInSequence(MethodRunner.java:63)
at org.testng.internal.invokers.TestInvoker$MethodInvocationAgent.invoke(TestInvoker.java:992)
at org.testng.internal.invokers.TestInvoker.invokeTestMethods(TestInvoker.java:203)
at org.testng.internal.invokers.TestMethodWorker.invokeTestMethods(TestMethodWorker.java:154)
at org.testng.internal.invokers.TestMethodWorker.run(TestMethodWorker.java:134)
at java.base/java.util.ArrayList.forEach(ArrayList.java:1511)
at org.testng.TestRunner.privateRun(TestRunner.java:739)
at org.testng.TestRunner.run(TestRunner.java:614)
at org.testng.SuiteRunner.runTest(SuiteRunner.java:421)
at org.testng.SuiteRunner.runSequentially(SuiteRunner.java:413)
at org.testng.SuiteRunner.privateRun(SuiteRunner.java:373)
at org.testng.SuiteRunner.run(SuiteRunner.java:312)
at org.testng.SuiteRunnerWorker.runSuite(SuiteRunnerWorker.java:52)
at org.testng.SuiteRunnerWorker.run(SuiteRunnerWorker.java:95)
at org.testng.TestNG.runSuitesSequentially(TestNG.java:1274)
at org.testng.TestNG.runSuitesLocally(TestNG.java:1208)
at org.testng.TestNG.runSuites(TestNG.java:1112)
at org.testng.TestNG.run(TestNG.java:1079)
at org.apache.maven.surefire.testng.TestNGExecutor.run(TestNGExecutor.java:308)
at org.apache.maven.surefire.testng.TestNGXmlTestSuite.execute(TestNGXmlTestSuite.java:71)
at org.apache.maven.surefire.testng.TestNGProvider.invoke(TestNGProvider.java:113)
at org.apache.maven.surefire.booter.ForkedBooter.runSuitesInProcess(ForkedBooter.java:385)
at org.apache.maven.surefire.booter.ForkedBooter.execute(ForkedBooter.java:162)
at org.apache.maven.surefire.booter.ForkedBooter.run(ForkedBooter.java:507)
at org.apache.maven.surefire.booter.ForkedBooter.main(ForkedBooter.java:495)
]]>
    </failure>
  </testcase> <!-- testServicesLoading -->
  <testcase classname="com.elektronicare.tests.ServicesTest" name="testServiceSelection" time="22.137"/>
  <testcase classname="com.elektronicare.tests.ServicesTest" name="testServiceTypes" time="20.978"/>
  <testcase classname="com.elektronicare.tests.ServicesTest" name="testServicePrices" time="21.913"/>
  <testcase classname="com.elektronicare.tests.ServicesTest" name="testBackNavigation" time="25.358">
    <failure message="Should navigate back to dashboard expected [true] but found [false]" type="java.lang.AssertionError">
      <![CDATA[java.lang.AssertionError: Should navigate back to dashboard expected [true] but found [false]
at org.testng.Assert.fail(Assert.java:111)
at org.testng.Assert.failNotEquals(Assert.java:1578)
at org.testng.Assert.assertTrue(Assert.java:57)
at com.elektronicare.tests.ServicesTest.testBackNavigation(ServicesTest.java:200)
at java.base/jdk.internal.reflect.NativeMethodAccessorImpl.invoke0(Native Method)
at java.base/jdk.internal.reflect.NativeMethodAccessorImpl.invoke(NativeMethodAccessorImpl.java:77)
at java.base/jdk.internal.reflect.DelegatingMethodAccessorImpl.invoke(DelegatingMethodAccessorImpl.java:43)
at java.base/java.lang.reflect.Method.invoke(Method.java:569)
at org.testng.internal.invokers.MethodInvocationHelper.invokeMethod(MethodInvocationHelper.java:141)
at org.testng.internal.invokers.TestInvoker.invokeMethod(TestInvoker.java:686)
at org.testng.internal.invokers.TestInvoker.invokeTestMethod(TestInvoker.java:230)
at org.testng.internal.invokers.MethodRunner.runInSequence(MethodRunner.java:63)
at org.testng.internal.invokers.TestInvoker$MethodInvocationAgent.invoke(TestInvoker.java:992)
at org.testng.internal.invokers.TestInvoker.invokeTestMethods(TestInvoker.java:203)
at org.testng.internal.invokers.TestMethodWorker.invokeTestMethods(TestMethodWorker.java:154)
at org.testng.internal.invokers.TestMethodWorker.run(TestMethodWorker.java:134)
at java.base/java.util.ArrayList.forEach(ArrayList.java:1511)
at org.testng.TestRunner.privateRun(TestRunner.java:739)
at org.testng.TestRunner.run(TestRunner.java:614)
at org.testng.SuiteRunner.runTest(SuiteRunner.java:421)
at org.testng.SuiteRunner.runSequentially(SuiteRunner.java:413)
at org.testng.SuiteRunner.privateRun(SuiteRunner.java:373)
at org.testng.SuiteRunner.run(SuiteRunner.java:312)
at org.testng.SuiteRunnerWorker.runSuite(SuiteRunnerWorker.java:52)
at org.testng.SuiteRunnerWorker.run(SuiteRunnerWorker.java:95)
at org.testng.TestNG.runSuitesSequentially(TestNG.java:1274)
at org.testng.TestNG.runSuitesLocally(TestNG.java:1208)
at org.testng.TestNG.runSuites(TestNG.java:1112)
at org.testng.TestNG.run(TestNG.java:1079)
at org.apache.maven.surefire.testng.TestNGExecutor.run(TestNGExecutor.java:308)
at org.apache.maven.surefire.testng.TestNGXmlTestSuite.execute(TestNGXmlTestSuite.java:71)
at org.apache.maven.surefire.testng.TestNGProvider.invoke(TestNGProvider.java:113)
at org.apache.maven.surefire.booter.ForkedBooter.runSuitesInProcess(ForkedBooter.java:385)
at org.apache.maven.surefire.booter.ForkedBooter.execute(ForkedBooter.java:162)
at org.apache.maven.surefire.booter.ForkedBooter.run(ForkedBooter.java:507)
at org.apache.maven.surefire.booter.ForkedBooter.main(ForkedBooter.java:495)
]]>
    </failure>
  </testcase> <!-- testBackNavigation -->
  <testcase classname="com.elektronicare.tests.ServicesTest" name="testBottomNavigation" time="25.703">
    <failure message="Should navigate to dashboard via bottom navigation expected [true] but found [false]" type="java.lang.AssertionError">
      <![CDATA[java.lang.AssertionError: Should navigate to dashboard via bottom navigation expected [true] but found [false]
at org.testng.Assert.fail(Assert.java:111)
at org.testng.Assert.failNotEquals(Assert.java:1578)
at org.testng.Assert.assertTrue(Assert.java:57)
at com.elektronicare.tests.ServicesTest.testBottomNavigation(ServicesTest.java:215)
at java.base/jdk.internal.reflect.NativeMethodAccessorImpl.invoke0(Native Method)
at java.base/jdk.internal.reflect.NativeMethodAccessorImpl.invoke(NativeMethodAccessorImpl.java:77)
at java.base/jdk.internal.reflect.DelegatingMethodAccessorImpl.invoke(DelegatingMethodAccessorImpl.java:43)
at java.base/java.lang.reflect.Method.invoke(Method.java:569)
at org.testng.internal.invokers.MethodInvocationHelper.invokeMethod(MethodInvocationHelper.java:141)
at org.testng.internal.invokers.TestInvoker.invokeMethod(TestInvoker.java:686)
at org.testng.internal.invokers.TestInvoker.invokeTestMethod(TestInvoker.java:230)
at org.testng.internal.invokers.MethodRunner.runInSequence(MethodRunner.java:63)
at org.testng.internal.invokers.TestInvoker$MethodInvocationAgent.invoke(TestInvoker.java:992)
at org.testng.internal.invokers.TestInvoker.invokeTestMethods(TestInvoker.java:203)
at org.testng.internal.invokers.TestMethodWorker.invokeTestMethods(TestMethodWorker.java:154)
at org.testng.internal.invokers.TestMethodWorker.run(TestMethodWorker.java:134)
at java.base/java.util.ArrayList.forEach(ArrayList.java:1511)
at org.testng.TestRunner.privateRun(TestRunner.java:739)
at org.testng.TestRunner.run(TestRunner.java:614)
at org.testng.SuiteRunner.runTest(SuiteRunner.java:421)
at org.testng.SuiteRunner.runSequentially(SuiteRunner.java:413)
at org.testng.SuiteRunner.privateRun(SuiteRunner.java:373)
at org.testng.SuiteRunner.run(SuiteRunner.java:312)
at org.testng.SuiteRunnerWorker.runSuite(SuiteRunnerWorker.java:52)
at org.testng.SuiteRunnerWorker.run(SuiteRunnerWorker.java:95)
at org.testng.TestNG.runSuitesSequentially(TestNG.java:1274)
at org.testng.TestNG.runSuitesLocally(TestNG.java:1208)
at org.testng.TestNG.runSuites(TestNG.java:1112)
at org.testng.TestNG.run(TestNG.java:1079)
at org.apache.maven.surefire.testng.TestNGExecutor.run(TestNGExecutor.java:308)
at org.apache.maven.surefire.testng.TestNGXmlTestSuite.execute(TestNGXmlTestSuite.java:71)
at org.apache.maven.surefire.testng.TestNGProvider.invoke(TestNGProvider.java:113)
at org.apache.maven.surefire.booter.ForkedBooter.runSuitesInProcess(ForkedBooter.java:385)
at org.apache.maven.surefire.booter.ForkedBooter.execute(ForkedBooter.java:162)
at org.apache.maven.surefire.booter.ForkedBooter.run(ForkedBooter.java:507)
at org.apache.maven.surefire.booter.ForkedBooter.main(ForkedBooter.java:495)
]]>
    </failure>
  </testcase> <!-- testBottomNavigation -->
</testsuite> <!-- com.elektronicare.tests.ServicesTest -->
