<?xml version="1.0" encoding="UTF-8"?>
<!-- Generated by org.testng.reporters.JUnitReportReporter -->
<testsuite hostname="neonnex" failures="0" tests="3" name="com.elektronicare.tests.OnboardingTest" time="46.916" errors="0" timestamp="2025-06-02T13:17:43 WIB" skipped="0">
  <testcase classname="com.elektronicare.tests.OnboardingTest" name="testOnboardingNavigation" time="20.593"/>
  <testcase classname="com.elektronicare.tests.OnboardingTest" name="testOnboardingSkip" time="11.107"/>
  <testcase classname="com.elektronicare.tests.OnboardingTest" name="testOnboardingComplete" time="15.216"/>
</testsuite> <!-- com.elektronicare.tests.OnboardingTest -->
