<?xml version="1.0" encoding="UTF-8"?>
<!-- Generated by org.testng.reporters.JUnitReportReporter -->
<testsuite hostname="neonnex" failures="0" tests="3" name="com.elektronicare.tests.HistoryTest" time="106.692" errors="0" timestamp="2025-06-02T13:17:43 WIB" skipped="0">
  <testcase classname="com.elektronicare.tests.HistoryTest" name="testHistoryPageElements" time="35.781"/>
  <testcase classname="com.elektronicare.tests.HistoryTest" name="testHistoryPageLoading" time="36.392"/>
  <testcase classname="com.elektronicare.tests.HistoryTest" name="testHistoryDataValidation" time="34.519"/>
</testsuite> <!-- com.elektronicare.tests.HistoryTest -->
